This file contains any messages produced by compilers while
running configure, to aid debugging if configure makes a mistake.

It was created by libusb-1.0 configure 1.0.24, which was
generated by GNU Autoconf 2.69.  Invocation command line was

  $ ./configure --build=x86_64-pc-linux-gnu --host=i686-w64-mingw32 --prefix=/usr --with-sysroot=/home/cuongd/i686-w64-mingw32-root/

## --------- ##
## Platform. ##
## --------- ##

hostname = cuongd
uname -m = x86_64
uname -r = 4.15.0-142-generic
uname -s = Linux
uname -v = #146~16.04.1-Ubuntu SMP Tue Apr 13 09:27:15 UTC 2021

/usr/bin/uname -p = unknown
/bin/uname -X     = unknown

/bin/arch              = unknown
/usr/bin/arch -k       = unknown
/usr/convex/getsysinfo = unknown
/usr/bin/hostinfo      = unknown
/bin/machine           = unknown
/usr/bin/oslevel       = unknown
/bin/universe          = unknown

PATH: /home/cuongd/bin
PATH: /home/cuongd/.local/bin
PATH: /usr/local/sbin
PATH: /usr/local/bin
PATH: /usr/sbin
PATH: /usr/bin
PATH: /sbin
PATH: /bin
PATH: /usr/games
PATH: /usr/local/games
PATH: /snap/bin


## ----------- ##
## Core tests. ##
## ----------- ##

configure:2528: checking for i686-w64-mingw32-gcc
configure:2544: found /usr/bin/i686-w64-mingw32-gcc
configure:2555: result: i686-w64-mingw32-gcc
configure:2824: checking for C compiler version
configure:2833: i686-w64-mingw32-gcc --version >&5
i686-w64-mingw32-gcc (GCC) 5.3.1 20160211
Copyright (C) 2015 Free Software Foundation, Inc.
This is free software; see the source for copying conditions.  There is NO
warranty; not even for MERCHANTABILITY or FITNESS FOR A PARTICULAR PURPOSE.

configure:2844: $? = 0
configure:2833: i686-w64-mingw32-gcc -v >&5
Using built-in specs.
COLLECT_GCC=i686-w64-mingw32-gcc
COLLECT_LTO_WRAPPER=/usr/lib/gcc/i686-w64-mingw32/5.3-win32/lto-wrapper
Target: i686-w64-mingw32
Configured with: ../../src/configure --build=x86_64-linux-gnu --prefix=/usr --includedir='/usr/include' --mandir='/usr/share/man' --infodir='/usr/share/info' --sysconfdir=/etc --localstatedir=/var --disable-silent-rules --libexecdir='/usr/lib/gcc-mingw-w64' --disable-maintainer-mode --disable-dependency-tracking --prefix=/usr --enable-shared --enable-static --disable-multilib --with-system-zlib --libexecdir=/usr/lib --without-included-gettext --libdir=/usr/lib --enable-libstdcxx-time=yes --with-tune=generic --enable-version-specific-runtime-libs --enable-fully-dynamic-string --enable-libgomp --enable-languages=c,c++,fortran,objc,obj-c++ --enable-lto --with-plugin-ld --enable-threads=win32 --program-suffix=-win32 --program-prefix=i686-w64-mingw32- --target=i686-w64-mingw32 --with-as=/usr/bin/i686-w64-mingw32-as --with-ld=/usr/bin/i686-w64-mingw32-ld --disable-libatomic
Thread model: win32
gcc version 5.3.1 20160211 (GCC) 
configure:2844: $? = 0
configure:2833: i686-w64-mingw32-gcc -V >&5
i686-w64-mingw32-gcc: error: unrecognized command line option '-V'
i686-w64-mingw32-gcc: fatal error: no input files
compilation terminated.
configure:2844: $? = 1
configure:2833: i686-w64-mingw32-gcc -qversion >&5
i686-w64-mingw32-gcc: error: unrecognized command line option '-qversion'
i686-w64-mingw32-gcc: fatal error: no input files
compilation terminated.
configure:2844: $? = 1
configure:2864: checking whether the C compiler works
configure:2886: i686-w64-mingw32-gcc    conftest.c  >&5
configure:2890: $? = 0
configure:2938: result: yes
configure:2941: checking for C compiler default output file name
configure:2943: result: a.exe
configure:2949: checking for suffix of executables
configure:2956: i686-w64-mingw32-gcc -o conftest.exe    conftest.c  >&5
configure:2960: $? = 0
configure:2982: result: .exe
configure:3004: checking whether we are cross compiling
configure:3042: result: yes
configure:3047: checking for suffix of object files
configure:3069: i686-w64-mingw32-gcc -c   conftest.c >&5
configure:3073: $? = 0
configure:3094: result: o
configure:3098: checking whether we are using the GNU C compiler
configure:3117: i686-w64-mingw32-gcc -c   conftest.c >&5
configure:3117: $? = 0
configure:3126: result: yes
configure:3135: checking whether i686-w64-mingw32-gcc accepts -g
configure:3155: i686-w64-mingw32-gcc -c -g  conftest.c >&5
configure:3155: $? = 0
configure:3196: result: yes
configure:3213: checking for i686-w64-mingw32-gcc option to accept ISO C89
configure:3276: i686-w64-mingw32-gcc  -c -g -O2  conftest.c >&5
configure:3276: $? = 0
configure:3289: result: none needed
configure:3346: checking whether i686-w64-mingw32-gcc understands -c and -o together
configure:3368: i686-w64-mingw32-gcc -c conftest.c -o conftest2.o
configure:3371: $? = 0
configure:3368: i686-w64-mingw32-gcc -c conftest.c -o conftest2.o
configure:3371: $? = 0
configure:3383: result: yes
configure:3414: checking for i686-w64-mingw32-g++
configure:3430: found /usr/bin/i686-w64-mingw32-g++
configure:3441: result: i686-w64-mingw32-g++
configure:3512: checking for C++ compiler version
configure:3521: i686-w64-mingw32-g++ --version >&5
i686-w64-mingw32-g++ (GCC) 5.3.1 20160211
Copyright (C) 2015 Free Software Foundation, Inc.
This is free software; see the source for copying conditions.  There is NO
warranty; not even for MERCHANTABILITY or FITNESS FOR A PARTICULAR PURPOSE.

configure:3532: $? = 0
configure:3521: i686-w64-mingw32-g++ -v >&5
Using built-in specs.
COLLECT_GCC=i686-w64-mingw32-g++
COLLECT_LTO_WRAPPER=/usr/lib/gcc/i686-w64-mingw32/5.3-win32/lto-wrapper
Target: i686-w64-mingw32
Configured with: ../../src/configure --build=x86_64-linux-gnu --prefix=/usr --includedir='/usr/include' --mandir='/usr/share/man' --infodir='/usr/share/info' --sysconfdir=/etc --localstatedir=/var --disable-silent-rules --libexecdir='/usr/lib/gcc-mingw-w64' --disable-maintainer-mode --disable-dependency-tracking --prefix=/usr --enable-shared --enable-static --disable-multilib --with-system-zlib --libexecdir=/usr/lib --without-included-gettext --libdir=/usr/lib --enable-libstdcxx-time=yes --with-tune=generic --enable-version-specific-runtime-libs --enable-fully-dynamic-string --enable-libgomp --enable-languages=c,c++,fortran,objc,obj-c++ --enable-lto --with-plugin-ld --enable-threads=win32 --program-suffix=-win32 --program-prefix=i686-w64-mingw32- --target=i686-w64-mingw32 --with-as=/usr/bin/i686-w64-mingw32-as --with-ld=/usr/bin/i686-w64-mingw32-ld --disable-libatomic
Thread model: win32
gcc version 5.3.1 20160211 (GCC) 
configure:3532: $? = 0
configure:3521: i686-w64-mingw32-g++ -V >&5
i686-w64-mingw32-g++: error: unrecognized command line option '-V'
i686-w64-mingw32-g++: fatal error: no input files
compilation terminated.
configure:3532: $? = 1
configure:3521: i686-w64-mingw32-g++ -qversion >&5
i686-w64-mingw32-g++: error: unrecognized command line option '-qversion'
i686-w64-mingw32-g++: fatal error: no input files
compilation terminated.
configure:3532: $? = 1
configure:3536: checking whether we are using the GNU C++ compiler
configure:3555: i686-w64-mingw32-g++ -c   conftest.cpp >&5
configure:3555: $? = 0
configure:3564: result: yes
configure:3573: checking whether i686-w64-mingw32-g++ accepts -g
configure:3593: i686-w64-mingw32-g++ -c -g  conftest.cpp >&5
configure:3593: $? = 0
configure:3634: result: yes
configure:3658: checking for inline
configure:3674: i686-w64-mingw32-gcc -c -g -O2  conftest.c >&5
configure:3674: $? = 0
configure:3682: result: inline
configure:3716: checking for a BSD-compatible install
configure:3784: result: /usr/bin/install -c
configure:3795: checking whether build environment is sane
configure:3850: result: yes
configure:3906: checking for i686-w64-mingw32-strip
configure:3922: found /usr/bin/i686-w64-mingw32-strip
configure:3933: result: i686-w64-mingw32-strip
configure:3998: checking for a thread-safe mkdir -p
configure:4037: result: /bin/mkdir -p
configure:4044: checking for gawk
configure:4074: result: no
configure:4044: checking for mawk
configure:4060: found /usr/bin/mawk
configure:4071: result: mawk
configure:4082: checking whether make sets $(MAKE)
configure:4104: result: yes
configure:4126: checking whether make supports the include directive
configure:4141: make -f confmf.GNU && cat confinc.out
this is the am__doit target
configure:4144: $? = 0
configure:4163: result: yes (GNU style)
configure:4196: checking whether make supports nested variables
configure:4213: result: yes
configure:4298: checking dependency style of i686-w64-mingw32-gcc
configure:4409: result: gcc3
configure:4426: checking dependency style of i686-w64-mingw32-g++
configure:4537: result: gcc3
configure:4624: checking build system type
configure:4638: result: x86_64-pc-linux-gnu
configure:4658: checking host system type
configure:4671: result: i686-w64-mingw32
configure:4712: checking how to print strings
configure:4739: result: printf
configure:4760: checking for a sed that does not truncate output
configure:4824: result: /bin/sed
configure:4842: checking for grep that handles long lines and -e
configure:4900: result: /bin/grep
configure:4905: checking for egrep
configure:4967: result: /bin/grep -E
configure:4972: checking for fgrep
configure:5034: result: /bin/grep -F
configure:5069: checking for ld used by i686-w64-mingw32-gcc
configure:5136: result: /usr/bin/i686-w64-mingw32-ld
configure:5143: checking if the linker (/usr/bin/i686-w64-mingw32-ld) is GNU ld
configure:5158: result: yes
configure:5170: checking for BSD- or MS-compatible name lister (nm)
configure:5224: result: /usr/bin/i686-w64-mingw32-nm -B
configure:5354: checking the name lister (/usr/bin/i686-w64-mingw32-nm -B) interface
configure:5361: i686-w64-mingw32-gcc -c -g -O2  conftest.c >&5
configure:5364: /usr/bin/i686-w64-mingw32-nm -B "conftest.o"
configure:5367: output
00000000 b .bss
00000000 d .data
00000000 N .debug_abbrev
00000000 N .debug_aranges
00000000 N .debug_info
00000000 N .debug_line
00000000 r .rdata$zzz
00000000 t .text
00000000 B _some_variable
configure:5374: result: BSD nm
configure:5377: checking whether ln -s works
configure:5381: result: yes
configure:5389: checking the maximum length of command line arguments
configure:5520: result: 1572864
configure:5568: checking how to convert x86_64-pc-linux-gnu file names to i686-w64-mingw32 format
configure:5608: result: func_convert_file_nix_to_w32
configure:5615: checking how to convert x86_64-pc-linux-gnu file names to toolchain format
configure:5635: result: func_convert_file_noop
configure:5642: checking for /usr/bin/i686-w64-mingw32-ld option to reload object files
configure:5649: result: -r
configure:5683: checking for i686-w64-mingw32-objdump
configure:5699: found /usr/bin/i686-w64-mingw32-objdump
configure:5710: result: i686-w64-mingw32-objdump
configure:5782: checking how to recognize dependent libraries
configure:5982: result: file_magic ^x86 archive import|^x86 DLL
configure:6027: checking for i686-w64-mingw32-dlltool
configure:6043: found /usr/bin/i686-w64-mingw32-dlltool
configure:6054: result: i686-w64-mingw32-dlltool
configure:6127: checking how to associate runtime and link libraries
configure:6154: result: func_cygming_dll_for_implib
configure:6170: checking for i686-w64-mingw32-ar
configure:6186: found /usr/bin/i686-w64-mingw32-ar
configure:6197: result: i686-w64-mingw32-ar
configure:6278: checking for archiver @FILE support
configure:6295: i686-w64-mingw32-gcc -c -g -O2  conftest.c >&5
configure:6295: $? = 0
configure:6298: i686-w64-mingw32-ar cr libconftest.a @conftest.lst >&5
configure:6301: $? = 0
configure:6306: i686-w64-mingw32-ar cr libconftest.a @conftest.lst >&5
i686-w64-mingw32-ar: conftest.o: No such file or directory
configure:6309: $? = 1
configure:6321: result: @
configure:6339: checking for i686-w64-mingw32-strip
configure:6366: result: i686-w64-mingw32-strip
configure:6438: checking for i686-w64-mingw32-ranlib
configure:6454: found /usr/bin/i686-w64-mingw32-ranlib
configure:6465: result: i686-w64-mingw32-ranlib
configure:6607: checking command to parse /usr/bin/i686-w64-mingw32-nm -B output from i686-w64-mingw32-gcc object
configure:6760: i686-w64-mingw32-gcc -c -g -O2  conftest.c >&5
configure:6763: $? = 0
configure:6767: /usr/bin/i686-w64-mingw32-nm -B conftest.o | sed -n -e 's/^.*[	 ]\([ABCDGIRSTW][ABCDGIRSTW]*\)[	 ][	 ]*\([_A-Za-z][_A-Za-z0-9]*\)$/\1 \2 \2/p' | sed '/ __gnu_lto/d' > conftest.nm
cannot find nm_test_var in conftest.nm
configure:6760: i686-w64-mingw32-gcc -c -g -O2  conftest.c >&5
configure:6763: $? = 0
configure:6767: /usr/bin/i686-w64-mingw32-nm -B conftest.o | sed -n -e 's/^.*[	 ]\([ABCDGIRSTW][ABCDGIRSTW]*\)[	 ][	 ]*_\([_A-Za-z][_A-Za-z0-9]*\)$/\1 _\2 \2/p' | sed '/ __gnu_lto/d' > conftest.nm
configure:6833: i686-w64-mingw32-gcc -o conftest.exe -g -O2   conftest.c conftstm.o >&5
configure:6836: $? = 0
configure:6874: result: ok
configure:6921: checking for sysroot
configure:6951: result: /home/cuongd/i686-w64-mingw32-root/
configure:6958: checking for a working dd
configure:6996: result: /bin/dd
configure:7000: checking how to truncate binary pipes
configure:7015: result: /bin/dd bs=4096 count=1
configure:7304: checking for i686-w64-mingw32-mt
configure:7334: result: no
configure:7344: checking for mt
configure:7360: found /bin/mt
configure:7371: result: mt
configure:7383: WARNING: using cross tools not prefixed with host triplet
configure:7394: checking if mt is a manifest tool
configure:7400: mt '-?'
configure:7408: result: no
configure:8085: checking how to run the C preprocessor
configure:8116: i686-w64-mingw32-gcc -E  conftest.c
configure:8116: $? = 0
configure:8130: i686-w64-mingw32-gcc -E  conftest.c
conftest.c:11:28: fatal error: ac_nonexistent.h: No such file or directory
compilation terminated.
configure:8130: $? = 1
configure: failed program was:
| /* confdefs.h */
| #define PACKAGE_NAME "libusb-1.0"
| #define PACKAGE_TARNAME "libusb-1.0"
| #define PACKAGE_VERSION "1.0.24"
| #define PACKAGE_STRING "libusb-1.0 1.0.24"
| #define PACKAGE_BUGREPORT "libusb-devel@lists.sourceforge.net"
| #define PACKAGE_URL "http://libusb.info"
| #define PACKAGE "libusb-1.0"
| #define VERSION "1.0.24"
| /* end confdefs.h.  */
| #include <ac_nonexistent.h>
configure:8155: result: i686-w64-mingw32-gcc -E
configure:8175: i686-w64-mingw32-gcc -E  conftest.c
configure:8175: $? = 0
configure:8189: i686-w64-mingw32-gcc -E  conftest.c
conftest.c:11:28: fatal error: ac_nonexistent.h: No such file or directory
compilation terminated.
configure:8189: $? = 1
configure: failed program was:
| /* confdefs.h */
| #define PACKAGE_NAME "libusb-1.0"
| #define PACKAGE_TARNAME "libusb-1.0"
| #define PACKAGE_VERSION "1.0.24"
| #define PACKAGE_STRING "libusb-1.0 1.0.24"
| #define PACKAGE_BUGREPORT "libusb-devel@lists.sourceforge.net"
| #define PACKAGE_URL "http://libusb.info"
| #define PACKAGE "libusb-1.0"
| #define VERSION "1.0.24"
| /* end confdefs.h.  */
| #include <ac_nonexistent.h>
configure:8218: checking for ANSI C header files
configure:8238: i686-w64-mingw32-gcc -c -g -O2  conftest.c >&5
configure:8238: $? = 0
configure:8322: result: yes
configure:8335: checking for sys/types.h
configure:8335: i686-w64-mingw32-gcc -c -g -O2  conftest.c >&5
configure:8335: $? = 0
configure:8335: result: yes
configure:8335: checking for sys/stat.h
configure:8335: i686-w64-mingw32-gcc -c -g -O2  conftest.c >&5
configure:8335: $? = 0
configure:8335: result: yes
configure:8335: checking for stdlib.h
configure:8335: i686-w64-mingw32-gcc -c -g -O2  conftest.c >&5
configure:8335: $? = 0
configure:8335: result: yes
configure:8335: checking for string.h
configure:8335: i686-w64-mingw32-gcc -c -g -O2  conftest.c >&5
configure:8335: $? = 0
configure:8335: result: yes
configure:8335: checking for memory.h
configure:8335: i686-w64-mingw32-gcc -c -g -O2  conftest.c >&5
configure:8335: $? = 0
configure:8335: result: yes
configure:8335: checking for strings.h
configure:8335: i686-w64-mingw32-gcc -c -g -O2  conftest.c >&5
configure:8335: $? = 0
configure:8335: result: yes
configure:8335: checking for inttypes.h
configure:8335: i686-w64-mingw32-gcc -c -g -O2  conftest.c >&5
configure:8335: $? = 0
configure:8335: result: yes
configure:8335: checking for stdint.h
configure:8335: i686-w64-mingw32-gcc -c -g -O2  conftest.c >&5
configure:8335: $? = 0
configure:8335: result: yes
configure:8335: checking for unistd.h
configure:8335: i686-w64-mingw32-gcc -c -g -O2  conftest.c >&5
configure:8335: $? = 0
configure:8335: result: yes
configure:8349: checking for dlfcn.h
configure:8349: i686-w64-mingw32-gcc -c -g -O2  conftest.c >&5
conftest.c:55:19: fatal error: dlfcn.h: No such file or directory
compilation terminated.
configure:8349: $? = 1
configure: failed program was:
| /* confdefs.h */
| #define PACKAGE_NAME "libusb-1.0"
| #define PACKAGE_TARNAME "libusb-1.0"
| #define PACKAGE_VERSION "1.0.24"
| #define PACKAGE_STRING "libusb-1.0 1.0.24"
| #define PACKAGE_BUGREPORT "libusb-devel@lists.sourceforge.net"
| #define PACKAGE_URL "http://libusb.info"
| #define PACKAGE "libusb-1.0"
| #define VERSION "1.0.24"
| #define STDC_HEADERS 1
| #define HAVE_SYS_TYPES_H 1
| #define HAVE_SYS_STAT_H 1
| #define HAVE_STDLIB_H 1
| #define HAVE_STRING_H 1
| #define HAVE_MEMORY_H 1
| #define HAVE_STRINGS_H 1
| #define HAVE_INTTYPES_H 1
| #define HAVE_STDINT_H 1
| #define HAVE_UNISTD_H 1
| /* end confdefs.h.  */
| #include <stdio.h>
| #ifdef HAVE_SYS_TYPES_H
| # include <sys/types.h>
| #endif
| #ifdef HAVE_SYS_STAT_H
| # include <sys/stat.h>
| #endif
| #ifdef STDC_HEADERS
| # include <stdlib.h>
| # include <stddef.h>
| #else
| # ifdef HAVE_STDLIB_H
| #  include <stdlib.h>
| # endif
| #endif
| #ifdef HAVE_STRING_H
| # if !defined STDC_HEADERS && defined HAVE_MEMORY_H
| #  include <memory.h>
| # endif
| # include <string.h>
| #endif
| #ifdef HAVE_STRINGS_H
| # include <strings.h>
| #endif
| #ifdef HAVE_INTTYPES_H
| # include <inttypes.h>
| #endif
| #ifdef HAVE_STDINT_H
| # include <stdint.h>
| #endif
| #ifdef HAVE_UNISTD_H
| # include <unistd.h>
| #endif
| 
| #include <dlfcn.h>
configure:8349: result: no
configure:8616: checking for objdir
configure:8631: result: .libs
configure:8895: checking if i686-w64-mingw32-gcc supports -fno-rtti -fno-exceptions
configure:8913: i686-w64-mingw32-gcc -c -g -O2  -fno-rtti -fno-exceptions conftest.c >&5
cc1: warning: command line option '-fno-rtti' is valid for C++/ObjC++ but not for C
configure:8917: $? = 0
configure:8930: result: no
configure:9294: checking for i686-w64-mingw32-gcc option to produce PIC
configure:9301: result: -DDLL_EXPORT -DPIC
configure:9309: checking if i686-w64-mingw32-gcc PIC flag -DDLL_EXPORT -DPIC works
configure:9327: i686-w64-mingw32-gcc -c -g -O2  -DDLL_EXPORT -DPIC -DPIC conftest.c >&5
configure:9331: $? = 0
configure:9344: result: yes
configure:9373: checking if i686-w64-mingw32-gcc static flag -static works
configure:9401: result: yes
configure:9416: checking if i686-w64-mingw32-gcc supports -c -o file.o
configure:9437: i686-w64-mingw32-gcc -c -g -O2  -o out/conftest2.o conftest.c >&5
configure:9441: $? = 0
configure:9463: result: yes
configure:9471: checking if i686-w64-mingw32-gcc supports -c -o file.o
configure:9518: result: yes
configure:9551: checking whether the i686-w64-mingw32-gcc linker (/usr/bin/i686-w64-mingw32-ld) supports shared libraries
configure:10814: result: yes
configure:10851: checking whether -lc should be explicitly linked in
configure:10859: i686-w64-mingw32-gcc -c -g -O2  conftest.c >&5
configure:10862: $? = 0
configure:10877: i686-w64-mingw32-gcc -shared conftest.o  -v -o ./conftest -Wl,--enable-auto-image-base -Xlinker --out-implib -Xlinker conftest 2\>\&1 \| /bin/grep  -lc  \>/dev/null 2\>\&1
configure:10880: $? = 1
configure:10894: result: yes
configure:11054: checking dynamic linker characteristics
configure:11884: result: Win32 ld.exe
configure:12006: checking how to hardcode library paths into programs
configure:12031: result: immediate
configure:12579: checking whether stripping libraries is possible
configure:12584: result: yes
configure:12619: checking if libtool supports shared libraries
configure:12621: result: yes
configure:12624: checking whether to build shared libraries
configure:12649: result: yes
configure:12652: checking whether to build static libraries
configure:12656: result: yes
configure:12679: checking how to run the C++ preprocessor
configure:12706: i686-w64-mingw32-g++ -E  conftest.cpp
configure:12706: $? = 0
configure:12720: i686-w64-mingw32-g++ -E  conftest.cpp
conftest.cpp:22:28: fatal error: ac_nonexistent.h: No such file or directory
compilation terminated.
configure:12720: $? = 1
configure: failed program was:
| /* confdefs.h */
| #define PACKAGE_NAME "libusb-1.0"
| #define PACKAGE_TARNAME "libusb-1.0"
| #define PACKAGE_VERSION "1.0.24"
| #define PACKAGE_STRING "libusb-1.0 1.0.24"
| #define PACKAGE_BUGREPORT "libusb-devel@lists.sourceforge.net"
| #define PACKAGE_URL "http://libusb.info"
| #define PACKAGE "libusb-1.0"
| #define VERSION "1.0.24"
| #define STDC_HEADERS 1
| #define HAVE_SYS_TYPES_H 1
| #define HAVE_SYS_STAT_H 1
| #define HAVE_STDLIB_H 1
| #define HAVE_STRING_H 1
| #define HAVE_MEMORY_H 1
| #define HAVE_STRINGS_H 1
| #define HAVE_INTTYPES_H 1
| #define HAVE_STDINT_H 1
| #define HAVE_UNISTD_H 1
| #define LT_OBJDIR ".libs/"
| /* end confdefs.h.  */
| #include <ac_nonexistent.h>
configure:12745: result: i686-w64-mingw32-g++ -E
configure:12765: i686-w64-mingw32-g++ -E  conftest.cpp
configure:12765: $? = 0
configure:12779: i686-w64-mingw32-g++ -E  conftest.cpp
conftest.cpp:22:28: fatal error: ac_nonexistent.h: No such file or directory
compilation terminated.
configure:12779: $? = 1
configure: failed program was:
| /* confdefs.h */
| #define PACKAGE_NAME "libusb-1.0"
| #define PACKAGE_TARNAME "libusb-1.0"
| #define PACKAGE_VERSION "1.0.24"
| #define PACKAGE_STRING "libusb-1.0 1.0.24"
| #define PACKAGE_BUGREPORT "libusb-devel@lists.sourceforge.net"
| #define PACKAGE_URL "http://libusb.info"
| #define PACKAGE "libusb-1.0"
| #define VERSION "1.0.24"
| #define STDC_HEADERS 1
| #define HAVE_SYS_TYPES_H 1
| #define HAVE_SYS_STAT_H 1
| #define HAVE_STDLIB_H 1
| #define HAVE_STRING_H 1
| #define HAVE_MEMORY_H 1
| #define HAVE_STRINGS_H 1
| #define HAVE_INTTYPES_H 1
| #define HAVE_STDINT_H 1
| #define HAVE_UNISTD_H 1
| #define LT_OBJDIR ".libs/"
| /* end confdefs.h.  */
| #include <ac_nonexistent.h>
configure:12941: checking for ld used by i686-w64-mingw32-g++
configure:13008: result: /usr/bin/i686-w64-mingw32-ld
configure:13015: checking if the linker (/usr/bin/i686-w64-mingw32-ld) is GNU ld
configure:13030: result: yes
configure:13085: checking whether the i686-w64-mingw32-g++ linker (/usr/bin/i686-w64-mingw32-ld) supports shared libraries
configure:14158: result: yes
configure:14194: i686-w64-mingw32-g++ -c -g -O2  conftest.cpp >&5
configure:14197: $? = 0
configure:14678: checking for i686-w64-mingw32-g++ option to produce PIC
configure:14685: result: -DDLL_EXPORT -DPIC
configure:14693: checking if i686-w64-mingw32-g++ PIC flag -DDLL_EXPORT -DPIC works
configure:14711: i686-w64-mingw32-g++ -c -g -O2  -DDLL_EXPORT -DPIC -DPIC conftest.cpp >&5
configure:14715: $? = 0
configure:14728: result: yes
configure:14751: checking if i686-w64-mingw32-g++ static flag -static works
configure:14779: result: yes
configure:14791: checking if i686-w64-mingw32-g++ supports -c -o file.o
configure:14812: i686-w64-mingw32-g++ -c -g -O2  -o out/conftest2.o conftest.cpp >&5
configure:14816: $? = 0
configure:14838: result: yes
configure:14843: checking if i686-w64-mingw32-g++ supports -c -o file.o
configure:14890: result: yes
configure:14920: checking whether the i686-w64-mingw32-g++ linker (/usr/bin/i686-w64-mingw32-ld) supports shared libraries
configure:14963: result: yes
configure:15104: checking dynamic linker characteristics
configure:15861: result: Win32 ld.exe
configure:15926: checking how to hardcode library paths into programs
configure:15951: result: immediate
configure:16015: checking for i686-w64-mingw32-windres
configure:16031: found /usr/bin/i686-w64-mingw32-windres
configure:16042: result: i686-w64-mingw32-windres
configure:16199: checking whether make supports nested variables
configure:16216: result: yes
configure:16233: checking if i686-w64-mingw32-gcc supports -std=gnu11
configure:16246: i686-w64-mingw32-gcc -c -std=gnu11  conftest.c >&5
configure:16246: $? = 0
configure:16247: result: yes
configure:16296: checking operating system
configure:16352: result: Windows
configure:16672: checking for struct timespec
configure:16672: i686-w64-mingw32-gcc -c -g -O2  conftest.c >&5
configure:16672: $? = 0
configure:16672: i686-w64-mingw32-gcc -c -g -O2  conftest.c >&5
conftest.c: In function 'main':
conftest.c:31:30: error: expected expression before ')' token
 if (sizeof ((struct timespec)))
                              ^
configure:16672: $? = 1
configure: failed program was:
| /* confdefs.h */
| #define PACKAGE_NAME "libusb-1.0"
| #define PACKAGE_TARNAME "libusb-1.0"
| #define PACKAGE_VERSION "1.0.24"
| #define PACKAGE_STRING "libusb-1.0 1.0.24"
| #define PACKAGE_BUGREPORT "libusb-devel@lists.sourceforge.net"
| #define PACKAGE_URL "http://libusb.info"
| #define PACKAGE "libusb-1.0"
| #define VERSION "1.0.24"
| #define STDC_HEADERS 1
| #define HAVE_SYS_TYPES_H 1
| #define HAVE_SYS_STAT_H 1
| #define HAVE_STDLIB_H 1
| #define HAVE_STRING_H 1
| #define HAVE_MEMORY_H 1
| #define HAVE_STRINGS_H 1
| #define HAVE_INTTYPES_H 1
| #define HAVE_STDINT_H 1
| #define HAVE_UNISTD_H 1
| #define LT_OBJDIR ".libs/"
| #define _GNU_SOURCE 1
| #define DEFAULT_VISIBILITY __attribute__ ((visibility ("default")))
| #define PRINTF_FORMAT(a, b) __attribute__ ((__format__ (__printf__, a, b)))
| #define PLATFORM_WINDOWS 1
| /* end confdefs.h.  */
| #include <time.h>
| 
| int
| main ()
| {
| if (sizeof ((struct timespec)))
| 	    return 0;
|   ;
|   return 0;
| }
configure:16672: result: yes
configure:16694: checking sys/time.h usability
configure:16694: i686-w64-mingw32-gcc -c -g -O2  conftest.c >&5
configure:16694: $? = 0
configure:16694: result: yes
configure:16694: checking sys/time.h presence
configure:16694: i686-w64-mingw32-gcc -E  conftest.c
configure:16694: $? = 0
configure:16694: result: yes
configure:16694: checking for sys/time.h
configure:16694: result: yes
configure:17147: i686-w64-mingw32-gcc -c -Werror -Wcast-function-type  conftest.c >&5
i686-w64-mingw32-gcc: error: unrecognized command line option '-Wcast-function-type'
configure:17147: $? = 1
configure: failed program was:
| /* confdefs.h */
| #define PACKAGE_NAME "libusb-1.0"
| #define PACKAGE_TARNAME "libusb-1.0"
| #define PACKAGE_VERSION "1.0.24"
| #define PACKAGE_STRING "libusb-1.0 1.0.24"
| #define PACKAGE_BUGREPORT "libusb-devel@lists.sourceforge.net"
| #define PACKAGE_URL "http://libusb.info"
| #define PACKAGE "libusb-1.0"
| #define VERSION "1.0.24"
| #define STDC_HEADERS 1
| #define HAVE_SYS_TYPES_H 1
| #define HAVE_SYS_STAT_H 1
| #define HAVE_STDLIB_H 1
| #define HAVE_STRING_H 1
| #define HAVE_MEMORY_H 1
| #define HAVE_STRINGS_H 1
| #define HAVE_INTTYPES_H 1
| #define HAVE_STDINT_H 1
| #define HAVE_UNISTD_H 1
| #define LT_OBJDIR ".libs/"
| #define _GNU_SOURCE 1
| #define DEFAULT_VISIBILITY __attribute__ ((visibility ("default")))
| #define PRINTF_FORMAT(a, b) __attribute__ ((__format__ (__printf__, a, b)))
| #define PLATFORM_WINDOWS 1
| #define HAVE_STRUCT_TIMESPEC 1
| #define _WIN32_WINNT _WIN32_WINNT_VISTA
| #define HAVE_SYS_TIME_H 1
| #define ENABLE_LOGGING 1
| /* end confdefs.h.  */
| 
| int
| main ()
| {
| 
|   ;
|   return 0;
| }
configure:17293: checking that generated files are newer than configure
configure:17299: result: done
configure:17382: creating ./config.status

## ---------------------- ##
## Running config.status. ##
## ---------------------- ##

This file was extended by libusb-1.0 config.status 1.0.24, which was
generated by GNU Autoconf 2.69.  Invocation command line was

  CONFIG_FILES    = 
  CONFIG_HEADERS  = 
  CONFIG_LINKS    = 
  CONFIG_COMMANDS = 
  $ ./config.status 

on cuongd

config.status:1270: creating libusb-1.0.pc
config.status:1270: creating Makefile
config.status:1270: creating libusb/Makefile
config.status:1270: creating examples/Makefile
config.status:1270: creating tests/Makefile
config.status:1270: creating doc/Makefile
config.status:1270: creating doc/doxygen.cfg
config.status:1270: creating config.h
config.status:1451: config.h is unchanged
config.status:1499: executing depfiles commands
config.status:1576: cd libusb       && sed -e '/# am--include-marker/d' Makefile         | make -f - am--depfiles
make: Nothing to be done for 'am--depfiles'.
config.status:1581: $? = 0
config.status:1576: cd examples       && sed -e '/# am--include-marker/d' Makefile         | make -f - am--depfiles
make: Nothing to be done for 'am--depfiles'.
config.status:1581: $? = 0
config.status:1576: cd tests       && sed -e '/# am--include-marker/d' Makefile         | make -f - am--depfiles
make: Nothing to be done for 'am--depfiles'.
config.status:1581: $? = 0
config.status:1499: executing libtool commands

## ---------------- ##
## Cache variables. ##
## ---------------- ##

ac_cv_build=x86_64-pc-linux-gnu
ac_cv_c_compiler_gnu=yes
ac_cv_c_inline=inline
ac_cv_cxx_compiler_gnu=yes
ac_cv_env_CCC_set=
ac_cv_env_CCC_value=
ac_cv_env_CC_set=
ac_cv_env_CC_value=
ac_cv_env_CFLAGS_set=
ac_cv_env_CFLAGS_value=
ac_cv_env_CPPFLAGS_set=
ac_cv_env_CPPFLAGS_value=
ac_cv_env_CPP_set=
ac_cv_env_CPP_value=
ac_cv_env_CXXCPP_set=
ac_cv_env_CXXCPP_value=
ac_cv_env_CXXFLAGS_set=
ac_cv_env_CXXFLAGS_value=
ac_cv_env_CXX_set=
ac_cv_env_CXX_value=
ac_cv_env_LDFLAGS_set=
ac_cv_env_LDFLAGS_value=
ac_cv_env_LIBS_set=
ac_cv_env_LIBS_value=
ac_cv_env_LT_SYS_LIBRARY_PATH_set=
ac_cv_env_LT_SYS_LIBRARY_PATH_value=
ac_cv_env_build_alias_set=set
ac_cv_env_build_alias_value=x86_64-pc-linux-gnu
ac_cv_env_host_alias_set=set
ac_cv_env_host_alias_value=i686-w64-mingw32
ac_cv_env_target_alias_set=
ac_cv_env_target_alias_value=
ac_cv_exeext=.exe
ac_cv_header_dlfcn_h=no
ac_cv_header_inttypes_h=yes
ac_cv_header_memory_h=yes
ac_cv_header_stdc=yes
ac_cv_header_stdint_h=yes
ac_cv_header_stdlib_h=yes
ac_cv_header_string_h=yes
ac_cv_header_strings_h=yes
ac_cv_header_sys_stat_h=yes
ac_cv_header_sys_time_h=yes
ac_cv_header_sys_types_h=yes
ac_cv_header_unistd_h=yes
ac_cv_host=i686-w64-mingw32
ac_cv_objext=o
ac_cv_path_EGREP='/bin/grep -E'
ac_cv_path_FGREP='/bin/grep -F'
ac_cv_path_GREP=/bin/grep
ac_cv_path_SED=/bin/sed
ac_cv_path_install='/usr/bin/install -c'
ac_cv_path_lt_DD=/bin/dd
ac_cv_path_mkdir=/bin/mkdir
ac_cv_prog_AR=i686-w64-mingw32-ar
ac_cv_prog_AWK=mawk
ac_cv_prog_CC=i686-w64-mingw32-gcc
ac_cv_prog_CPP='i686-w64-mingw32-gcc -E'
ac_cv_prog_CXX=i686-w64-mingw32-g++
ac_cv_prog_CXXCPP='i686-w64-mingw32-g++ -E'
ac_cv_prog_DLLTOOL=i686-w64-mingw32-dlltool
ac_cv_prog_OBJDUMP=i686-w64-mingw32-objdump
ac_cv_prog_RANLIB=i686-w64-mingw32-ranlib
ac_cv_prog_RC=i686-w64-mingw32-windres
ac_cv_prog_STRIP=i686-w64-mingw32-strip
ac_cv_prog_ac_ct_MANIFEST_TOOL=mt
ac_cv_prog_cc_c89=
ac_cv_prog_cc_g=yes
ac_cv_prog_cxx_g=yes
ac_cv_prog_make_make_set=yes
ac_cv_type_struct_timespec=yes
am_cv_CC_dependencies_compiler_type=gcc3
am_cv_CXX_dependencies_compiler_type=gcc3
am_cv_make_support_nested_variables=yes
am_cv_prog_cc_c_o=yes
lt_cv_ar_at_file=@
lt_cv_archive_cmds_need_lc=yes
lt_cv_deplibs_check_method='file_magic ^x86 archive import|^x86 DLL'
lt_cv_file_magic_cmd=func_win32_libid
lt_cv_file_magic_test_file=
lt_cv_ld_reload_flag=-r
lt_cv_nm_interface='BSD nm'
lt_cv_objdir=.libs
lt_cv_path_LD=/usr/bin/i686-w64-mingw32-ld
lt_cv_path_LDCXX=/usr/bin/i686-w64-mingw32-ld
lt_cv_path_NM='/usr/bin/i686-w64-mingw32-nm -B'
lt_cv_path_mainfest_tool=no
lt_cv_prog_compiler_c_o=yes
lt_cv_prog_compiler_c_o_CXX=yes
lt_cv_prog_compiler_c_o_RC=yes
lt_cv_prog_compiler_pic='-DDLL_EXPORT -DPIC'
lt_cv_prog_compiler_pic_CXX='-DDLL_EXPORT -DPIC'
lt_cv_prog_compiler_pic_works=yes
lt_cv_prog_compiler_pic_works_CXX=yes
lt_cv_prog_compiler_rtti_exceptions=no
lt_cv_prog_compiler_static_works=yes
lt_cv_prog_compiler_static_works_CXX=yes
lt_cv_prog_gnu_ld=yes
lt_cv_prog_gnu_ldcxx=yes
lt_cv_sharedlib_from_linklib_cmd=func_cygming_dll_for_implib
lt_cv_sys_global_symbol_pipe='sed -n -e '\''s/^.*[	 ]\([ABCDGIRSTW][ABCDGIRSTW]*\)[	 ][	 ]*_\([_A-Za-z][_A-Za-z0-9]*\)$/\1 _\2 \2/p'\'' | sed '\''/ __gnu_lto/d'\'''
lt_cv_sys_global_symbol_to_c_name_address='sed -n -e '\''s/^: \(.*\) .*$/  {"\1", (void *) 0},/p'\'' -e '\''s/^[ABCDGIRSTW][ABCDGIRSTW]* .* \(.*\)$/  {"\1", (void *) \&\1},/p'\'''
lt_cv_sys_global_symbol_to_c_name_address_lib_prefix='sed -n -e '\''s/^: \(.*\) .*$/  {"\1", (void *) 0},/p'\'' -e '\''s/^[ABCDGIRSTW][ABCDGIRSTW]* .* \(lib.*\)$/  {"\1", (void *) \&\1},/p'\'' -e '\''s/^[ABCDGIRSTW][ABCDGIRSTW]* .* \(.*\)$/  {"lib\1", (void *) \&\1},/p'\'''
lt_cv_sys_global_symbol_to_cdecl='sed -n -e '\''s/^T .* \(.*\)$/extern int \1();/p'\'' -e '\''s/^[ABCDGIRSTW][ABCDGIRSTW]* .* \(.*\)$/extern char \1;/p'\'''
lt_cv_sys_global_symbol_to_import=
lt_cv_sys_max_cmd_len=1572864
lt_cv_to_host_file_cmd=func_convert_file_nix_to_w32
lt_cv_to_tool_file_cmd=func_convert_file_noop
lt_cv_truncate_bin='/bin/dd bs=4096 count=1'

## ----------------- ##
## Output variables. ##
## ----------------- ##

ACLOCAL='${SHELL} /home/cuongd/Downloads/libusb-1.0.24/missing aclocal-1.16'
AMDEPBACKSLASH='\'
AMDEP_FALSE='#'
AMDEP_TRUE=''
AMTAR='$${TAR-tar}'
AM_BACKSLASH='\'
AM_CFLAGS='-std=gnu11 -mwin32 -fno-omit-frame-pointer -Wall -Wextra -Wshadow -Wunused -Wwrite-strings -Werror=format-security -Werror=implicit-function-declaration -Werror=implicit-int -Werror=init-self -Werror=missing-prototypes -Werror=strict-prototypes -Werror=undef -Werror=uninitialized'
AM_CPPFLAGS=''
AM_CXXFLAGS='-std=gnu++11 -mwin32 -fno-omit-frame-pointer -Wall -Wextra -Wshadow -Wunused -Wwrite-strings -Werror=format-security -Werror=implicit-function-declaration -Werror=implicit-int -Werror=init-self -Werror=missing-prototypes -Werror=strict-prototypes -Werror=undef -Werror=uninitialized -Wmissing-declarations'
AM_DEFAULT_V='$(AM_DEFAULT_VERBOSITY)'
AM_DEFAULT_VERBOSITY='0'
AM_V='$(V)'
AR='i686-w64-mingw32-ar'
AUTOCONF='${SHELL} /home/cuongd/Downloads/libusb-1.0.24/missing autoconf'
AUTOHEADER='${SHELL} /home/cuongd/Downloads/libusb-1.0.24/missing autoheader'
AUTOMAKE='${SHELL} /home/cuongd/Downloads/libusb-1.0.24/missing automake-1.16'
AWK='mawk'
BUILD_EXAMPLES_FALSE=''
BUILD_EXAMPLES_TRUE='#'
BUILD_TESTS_FALSE=''
BUILD_TESTS_TRUE='#'
CC='i686-w64-mingw32-gcc'
CCDEPMODE='depmode=gcc3'
CFLAGS='-g -O2'
CPP='i686-w64-mingw32-gcc -E'
CPPFLAGS=''
CREATE_IMPORT_LIB_FALSE='#'
CREATE_IMPORT_LIB_TRUE=''
CXX='i686-w64-mingw32-g++'
CXXCPP='i686-w64-mingw32-g++ -E'
CXXDEPMODE='depmode=gcc3'
CXXFLAGS='-g -O2'
CYGPATH_W='echo'
DEFS='-DHAVE_CONFIG_H'
DEPDIR='.deps'
DLLTOOL='i686-w64-mingw32-dlltool'
DOXYGEN_HTMLDIR='api-1.0'
DSYMUTIL=''
DUMPBIN=''
ECHO_C=''
ECHO_N='-n'
ECHO_T=''
EGREP='/bin/grep -E'
EXEEXT='.exe'
FGREP='/bin/grep -F'
GREP='/bin/grep'
INSTALL_DATA='${INSTALL} -m 644'
INSTALL_PROGRAM='${INSTALL}'
INSTALL_SCRIPT='${INSTALL}'
INSTALL_STRIP_PROGRAM='$(install_sh) -c -s'
LD='/usr/bin/i686-w64-mingw32-ld'
LDFLAGS=''
LIBOBJS=''
LIBS=''
LIBTOOL='$(SHELL) $(top_builddir)/libtool'
LIPO=''
LN_S='ln -s'
LTLIBOBJS=''
LT_LDFLAGS='-version-info 3:0:3 -no-undefined -avoid-version -Wl,--add-stdcall-alias'
LT_SYS_LIBRARY_PATH=''
MAKEINFO='${SHELL} /home/cuongd/Downloads/libusb-1.0.24/missing makeinfo'
MANIFEST_TOOL=':'
MKDIR_P='/bin/mkdir -p'
NM='/usr/bin/i686-w64-mingw32-nm -B'
NMEDIT=''
OBJDUMP='i686-w64-mingw32-objdump'
OBJEXT='o'
OS_DARWIN_FALSE=''
OS_DARWIN_TRUE='#'
OS_HAIKU_FALSE=''
OS_HAIKU_TRUE='#'
OS_LINUX_FALSE=''
OS_LINUX_TRUE='#'
OS_NETBSD_FALSE=''
OS_NETBSD_TRUE='#'
OS_NULL_FALSE=''
OS_NULL_TRUE='#'
OS_OPENBSD_FALSE=''
OS_OPENBSD_TRUE='#'
OS_SUNOS_FALSE=''
OS_SUNOS_TRUE='#'
OS_WINDOWS_FALSE='#'
OS_WINDOWS_TRUE=''
OTOOL64=''
OTOOL=''
PACKAGE='libusb-1.0'
PACKAGE_BUGREPORT='libusb-devel@lists.sourceforge.net'
PACKAGE_NAME='libusb-1.0'
PACKAGE_STRING='libusb-1.0 1.0.24'
PACKAGE_TARNAME='libusb-1.0'
PACKAGE_URL='http://libusb.info'
PACKAGE_VERSION='1.0.24'
PATH_SEPARATOR=':'
PLATFORM_POSIX_FALSE=''
PLATFORM_POSIX_TRUE='#'
PLATFORM_WINDOWS_FALSE='#'
PLATFORM_WINDOWS_TRUE=''
RANLIB='i686-w64-mingw32-ranlib'
RC='i686-w64-mingw32-windres'
SED='/bin/sed'
SET_MAKE=''
SHELL='/bin/bash'
STRIP='i686-w64-mingw32-strip'
THREAD_CFLAGS=''
THREAD_LIBS=''
USE_UDEV_FALSE=''
USE_UDEV_TRUE='#'
VERSION='1.0.24'
ac_ct_AR=''
ac_ct_CC=''
ac_ct_CXX=''
ac_ct_DUMPBIN=''
am__EXEEXT_FALSE='#'
am__EXEEXT_TRUE=''
am__fastdepCC_FALSE='#'
am__fastdepCC_TRUE=''
am__fastdepCXX_FALSE='#'
am__fastdepCXX_TRUE=''
am__include='include'
am__isrc=''
am__leading_dot='.'
am__nodep='_no'
am__quote=''
am__tar='$${TAR-tar} chof - "$$tardir"'
am__untar='$${TAR-tar} xf -'
bindir='${exec_prefix}/bin'
build='x86_64-pc-linux-gnu'
build_alias='x86_64-pc-linux-gnu'
build_cpu='x86_64'
build_os='linux-gnu'
build_vendor='pc'
datadir='${datarootdir}'
datarootdir='${prefix}/share'
docdir='${datarootdir}/doc/${PACKAGE_TARNAME}'
dvidir='${docdir}'
exec_prefix='${prefix}'
host='i686-w64-mingw32'
host_alias='i686-w64-mingw32'
host_cpu='i686'
host_os='mingw32'
host_vendor='w64'
htmldir='${docdir}'
includedir='${prefix}/include'
infodir='${datarootdir}/info'
install_sh='${SHELL} /home/cuongd/Downloads/libusb-1.0.24/install-sh'
libdir='${exec_prefix}/lib'
libexecdir='${exec_prefix}/libexec'
localedir='${datarootdir}/locale'
localstatedir='${prefix}/var'
mandir='${datarootdir}/man'
mkdir_p='$(MKDIR_P)'
oldincludedir='/usr/include'
pdfdir='${docdir}'
prefix='/usr'
program_transform_name='s,x,x,'
psdir='${docdir}'
runstatedir='${localstatedir}/run'
sbindir='${exec_prefix}/sbin'
sharedstatedir='${prefix}/com'
sysconfdir='${prefix}/etc'
target_alias=''

## ----------- ##
## confdefs.h. ##
## ----------- ##

/* confdefs.h */
#define PACKAGE_NAME "libusb-1.0"
#define PACKAGE_TARNAME "libusb-1.0"
#define PACKAGE_VERSION "1.0.24"
#define PACKAGE_STRING "libusb-1.0 1.0.24"
#define PACKAGE_BUGREPORT "libusb-devel@lists.sourceforge.net"
#define PACKAGE_URL "http://libusb.info"
#define PACKAGE "libusb-1.0"
#define VERSION "1.0.24"
#define STDC_HEADERS 1
#define HAVE_SYS_TYPES_H 1
#define HAVE_SYS_STAT_H 1
#define HAVE_STDLIB_H 1
#define HAVE_STRING_H 1
#define HAVE_MEMORY_H 1
#define HAVE_STRINGS_H 1
#define HAVE_INTTYPES_H 1
#define HAVE_STDINT_H 1
#define HAVE_UNISTD_H 1
#define LT_OBJDIR ".libs/"
#define _GNU_SOURCE 1
#define DEFAULT_VISIBILITY __attribute__ ((visibility ("default")))
#define PRINTF_FORMAT(a, b) __attribute__ ((__format__ (__printf__, a, b)))
#define PLATFORM_WINDOWS 1
#define HAVE_STRUCT_TIMESPEC 1
#define _WIN32_WINNT _WIN32_WINNT_VISTA
#define HAVE_SYS_TIME_H 1
#define ENABLE_LOGGING 1

configure: exit 0
