The target system is: Windows -  - 
The host system is: Linux - 4.15.0-142-generic - x86_64
Compiling the C compiler identification source file "CMakeCCompilerId.c" succeeded.
Compiler: /usr/bin/i686-w64-mingw32-gcc 
Build flags: 
Id flags: 

The output was:
0


Compilation of the C compiler identification source "CMakeCCompilerId.c" produced "a.exe"

The C compiler identification is GNU, found in "/media/cuongd/cuongd/Fix_KNAN/xc4sprog/xc4sprog-code_v1.9_win32Build/build-win32/CMakeFiles/3.5.1/CompilerIdC/a.exe"

Compiling the CXX compiler identification source file "CMakeCXXCompilerId.cpp" succeeded.
Compiler: /usr/bin/i686-w64-mingw32-g++ 
Build flags: 
Id flags: 

The output was:
0


Compilation of the CXX compiler identification source "CMakeCXXCompilerId.cpp" produced "a.exe"

The CXX compiler identification is GNU, found in "/media/cuongd/cuongd/Fix_KNAN/xc4sprog/xc4sprog-code_v1.9_win32Build/build-win32/CMakeFiles/3.5.1/CompilerIdCXX/a.exe"

Determining if the C compiler works passed with the following output:
Change Dir: /media/cuongd/cuongd/Fix_KNAN/xc4sprog/xc4sprog-code_v1.9_win32Build/build-win32/CMakeFiles/CMakeTmp

Run Build Command:"/usr/bin/make" "cmTC_068b5/fast"
/usr/bin/make -f CMakeFiles/cmTC_068b5.dir/build.make CMakeFiles/cmTC_068b5.dir/build
make[1]: Entering directory '/media/cuongd/cuongd/Fix_KNAN/xc4sprog/xc4sprog-code_v1.9_win32Build/build-win32/CMakeFiles/CMakeTmp'
Building C object CMakeFiles/cmTC_068b5.dir/testCCompiler.c.obj
/usr/bin/i686-w64-mingw32-gcc     -o CMakeFiles/cmTC_068b5.dir/testCCompiler.c.obj   -c /media/cuongd/cuongd/Fix_KNAN/xc4sprog/xc4sprog-code_v1.9_win32Build/build-win32/CMakeFiles/CMakeTmp/testCCompiler.c
Linking C executable cmTC_068b5.exe
/usr/bin/cmake -E cmake_link_script CMakeFiles/cmTC_068b5.dir/link.txt --verbose=1
/usr/bin/cmake -E remove -f CMakeFiles/cmTC_068b5.dir/objects.a
/usr/bin/i686-w64-mingw32-ar cr CMakeFiles/cmTC_068b5.dir/objects.a @CMakeFiles/cmTC_068b5.dir/objects1.rsp
/usr/bin/i686-w64-mingw32-gcc       -Wl,--whole-archive CMakeFiles/cmTC_068b5.dir/objects.a -Wl,--no-whole-archive  -o cmTC_068b5.exe -Wl,--out-implib,libcmTC_068b5.dll.a -Wl,--major-image-version,0,--minor-image-version,0 @CMakeFiles/cmTC_068b5.dir/linklibs.rsp
make[1]: Leaving directory '/media/cuongd/cuongd/Fix_KNAN/xc4sprog/xc4sprog-code_v1.9_win32Build/build-win32/CMakeFiles/CMakeTmp'


Detecting C compiler ABI info compiled with the following output:
Change Dir: /media/cuongd/cuongd/Fix_KNAN/xc4sprog/xc4sprog-code_v1.9_win32Build/build-win32/CMakeFiles/CMakeTmp

Run Build Command:"/usr/bin/make" "cmTC_97340/fast"
/usr/bin/make -f CMakeFiles/cmTC_97340.dir/build.make CMakeFiles/cmTC_97340.dir/build
make[1]: Entering directory '/media/cuongd/cuongd/Fix_KNAN/xc4sprog/xc4sprog-code_v1.9_win32Build/build-win32/CMakeFiles/CMakeTmp'
Building C object CMakeFiles/cmTC_97340.dir/CMakeCCompilerABI.c.obj
/usr/bin/i686-w64-mingw32-gcc     -o CMakeFiles/cmTC_97340.dir/CMakeCCompilerABI.c.obj   -c /usr/share/cmake-3.5/Modules/CMakeCCompilerABI.c
Linking C executable cmTC_97340.exe
/usr/bin/cmake -E cmake_link_script CMakeFiles/cmTC_97340.dir/link.txt --verbose=1
/usr/bin/cmake -E remove -f CMakeFiles/cmTC_97340.dir/objects.a
/usr/bin/i686-w64-mingw32-ar cr CMakeFiles/cmTC_97340.dir/objects.a @CMakeFiles/cmTC_97340.dir/objects1.rsp
/usr/bin/i686-w64-mingw32-gcc      -v -Wl,--whole-archive CMakeFiles/cmTC_97340.dir/objects.a -Wl,--no-whole-archive  -o cmTC_97340.exe -Wl,--out-implib,libcmTC_97340.dll.a -Wl,--major-image-version,0,--minor-image-version,0   
Using built-in specs.
COLLECT_GCC=/usr/bin/i686-w64-mingw32-gcc
COLLECT_LTO_WRAPPER=/usr/lib/gcc/i686-w64-mingw32/5.3-win32/lto-wrapper
Target: i686-w64-mingw32
Configured with: ../../src/configure --build=x86_64-linux-gnu --prefix=/usr --includedir='/usr/include' --mandir='/usr/share/man' --infodir='/usr/share/info' --sysconfdir=/etc --localstatedir=/var --disable-silent-rules --libexecdir='/usr/lib/gcc-mingw-w64' --disable-maintainer-mode --disable-dependency-tracking --prefix=/usr --enable-shared --enable-static --disable-multilib --with-system-zlib --libexecdir=/usr/lib --without-included-gettext --libdir=/usr/lib --enable-libstdcxx-time=yes --with-tune=generic --enable-version-specific-runtime-libs --enable-fully-dynamic-string --enable-libgomp --enable-languages=c,c++,fortran,objc,obj-c++ --enable-lto --with-plugin-ld --enable-threads=win32 --program-suffix=-win32 --program-prefix=i686-w64-mingw32- --target=i686-w64-mingw32 --with-as=/usr/bin/i686-w64-mingw32-as --with-ld=/usr/bin/i686-w64-mingw32-ld --disable-libatomic
Thread model: win32
gcc version 5.3.1 20160211 (GCC) 
COMPILER_PATH=/usr/lib/gcc/i686-w64-mingw32/5.3-win32/:/usr/lib/gcc/i686-w64-mingw32/5.3-win32/:/usr/lib/gcc/i686-w64-mingw32/:/usr/lib/gcc/i686-w64-mingw32/5.3-win32/:/usr/lib/gcc/i686-w64-mingw32/
LIBRARY_PATH=/usr/lib/gcc/i686-w64-mingw32/5.3-win32/:/usr/lib/gcc/i686-w64-mingw32/5.3-win32/../../../../i686-w64-mingw32/lib/../lib/:/usr/lib/gcc/i686-w64-mingw32/5.3-win32/../../../../i686-w64-mingw32/lib/
COLLECT_GCC_OPTIONS='-v' '-o' 'cmTC_97340.exe' '-mtune=generic' '-march=pentiumpro'
 /usr/lib/gcc/i686-w64-mingw32/5.3-win32/collect2 -m i386pe -Bdynamic -o cmTC_97340.exe /usr/lib/gcc/i686-w64-mingw32/5.3-win32/../../../../i686-w64-mingw32/lib/../lib/crt2.o /usr/lib/gcc/i686-w64-mingw32/5.3-win32/crtbegin.o -L/usr/lib/gcc/i686-w64-mingw32/5.3-win32 -L/usr/lib/gcc/i686-w64-mingw32/5.3-win32/../../../../i686-w64-mingw32/lib/../lib -L/usr/lib/gcc/i686-w64-mingw32/5.3-win32/../../../../i686-w64-mingw32/lib --whole-archive CMakeFiles/cmTC_97340.dir/objects.a --no-whole-archive --out-implib libcmTC_97340.dll.a --major-image-version 0 --minor-image-version 0 -lmingw32 -lgcc -lgcc_eh -lmoldname -lmingwex -lmsvcrt -ladvapi32 -lshell32 -luser32 -lkernel32 -lmingw32 -lgcc -lgcc_eh -lmoldname -lmingwex -lmsvcrt /usr/lib/gcc/i686-w64-mingw32/5.3-win32/crtend.o
make[1]: Leaving directory '/media/cuongd/cuongd/Fix_KNAN/xc4sprog/xc4sprog-code_v1.9_win32Build/build-win32/CMakeFiles/CMakeTmp'


Parsed C implicit link information from above output:
  link line regex: [^( *|.*[/\])(i686-w64-mingw32-ld|([^/\]+-)?ld|collect2)[^/\]*( |$)]
  ignore line: [Change Dir: /media/cuongd/cuongd/Fix_KNAN/xc4sprog/xc4sprog-code_v1.9_win32Build/build-win32/CMakeFiles/CMakeTmp]
  ignore line: []
  ignore line: [Run Build Command:"/usr/bin/make" "cmTC_97340/fast"]
  ignore line: [/usr/bin/make -f CMakeFiles/cmTC_97340.dir/build.make CMakeFiles/cmTC_97340.dir/build]
  ignore line: [make[1]: Entering directory '/media/cuongd/cuongd/Fix_KNAN/xc4sprog/xc4sprog-code_v1.9_win32Build/build-win32/CMakeFiles/CMakeTmp']
  ignore line: [Building C object CMakeFiles/cmTC_97340.dir/CMakeCCompilerABI.c.obj]
  ignore line: [/usr/bin/i686-w64-mingw32-gcc     -o CMakeFiles/cmTC_97340.dir/CMakeCCompilerABI.c.obj   -c /usr/share/cmake-3.5/Modules/CMakeCCompilerABI.c]
  ignore line: [Linking C executable cmTC_97340.exe]
  ignore line: [/usr/bin/cmake -E cmake_link_script CMakeFiles/cmTC_97340.dir/link.txt --verbose=1]
  ignore line: [/usr/bin/cmake -E remove -f CMakeFiles/cmTC_97340.dir/objects.a]
  ignore line: [/usr/bin/i686-w64-mingw32-ar cr CMakeFiles/cmTC_97340.dir/objects.a @CMakeFiles/cmTC_97340.dir/objects1.rsp]
  ignore line: [/usr/bin/i686-w64-mingw32-gcc      -v -Wl,--whole-archive CMakeFiles/cmTC_97340.dir/objects.a -Wl,--no-whole-archive  -o cmTC_97340.exe -Wl,--out-implib,libcmTC_97340.dll.a -Wl,--major-image-version,0,--minor-image-version,0   ]
  ignore line: [Using built-in specs.]
  ignore line: [COLLECT_GCC=/usr/bin/i686-w64-mingw32-gcc]
  ignore line: [COLLECT_LTO_WRAPPER=/usr/lib/gcc/i686-w64-mingw32/5.3-win32/lto-wrapper]
  ignore line: [Target: i686-w64-mingw32]
  ignore line: [Configured with: ../../src/configure --build=x86_64-linux-gnu --prefix=/usr --includedir='/usr/include' --mandir='/usr/share/man' --infodir='/usr/share/info' --sysconfdir=/etc --localstatedir=/var --disable-silent-rules --libexecdir='/usr/lib/gcc-mingw-w64' --disable-maintainer-mode --disable-dependency-tracking --prefix=/usr --enable-shared --enable-static --disable-multilib --with-system-zlib --libexecdir=/usr/lib --without-included-gettext --libdir=/usr/lib --enable-libstdcxx-time=yes --with-tune=generic --enable-version-specific-runtime-libs --enable-fully-dynamic-string --enable-libgomp --enable-languages=c,c++,fortran,objc,obj-c++ --enable-lto --with-plugin-ld --enable-threads=win32 --program-suffix=-win32 --program-prefix=i686-w64-mingw32- --target=i686-w64-mingw32 --with-as=/usr/bin/i686-w64-mingw32-as --with-ld=/usr/bin/i686-w64-mingw32-ld --disable-libatomic]
  ignore line: [Thread model: win32]
  ignore line: [gcc version 5.3.1 20160211 (GCC) ]
  ignore line: [COMPILER_PATH=/usr/lib/gcc/i686-w64-mingw32/5.3-win32/:/usr/lib/gcc/i686-w64-mingw32/5.3-win32/:/usr/lib/gcc/i686-w64-mingw32/:/usr/lib/gcc/i686-w64-mingw32/5.3-win32/:/usr/lib/gcc/i686-w64-mingw32/]
  ignore line: [LIBRARY_PATH=/usr/lib/gcc/i686-w64-mingw32/5.3-win32/:/usr/lib/gcc/i686-w64-mingw32/5.3-win32/../../../../i686-w64-mingw32/lib/../lib/:/usr/lib/gcc/i686-w64-mingw32/5.3-win32/../../../../i686-w64-mingw32/lib/]
  ignore line: [COLLECT_GCC_OPTIONS='-v' '-o' 'cmTC_97340.exe' '-mtune=generic' '-march=pentiumpro']
  link line: [ /usr/lib/gcc/i686-w64-mingw32/5.3-win32/collect2 -m i386pe -Bdynamic -o cmTC_97340.exe /usr/lib/gcc/i686-w64-mingw32/5.3-win32/../../../../i686-w64-mingw32/lib/../lib/crt2.o /usr/lib/gcc/i686-w64-mingw32/5.3-win32/crtbegin.o -L/usr/lib/gcc/i686-w64-mingw32/5.3-win32 -L/usr/lib/gcc/i686-w64-mingw32/5.3-win32/../../../../i686-w64-mingw32/lib/../lib -L/usr/lib/gcc/i686-w64-mingw32/5.3-win32/../../../../i686-w64-mingw32/lib --whole-archive CMakeFiles/cmTC_97340.dir/objects.a --no-whole-archive --out-implib libcmTC_97340.dll.a --major-image-version 0 --minor-image-version 0 -lmingw32 -lgcc -lgcc_eh -lmoldname -lmingwex -lmsvcrt -ladvapi32 -lshell32 -luser32 -lkernel32 -lmingw32 -lgcc -lgcc_eh -lmoldname -lmingwex -lmsvcrt /usr/lib/gcc/i686-w64-mingw32/5.3-win32/crtend.o]
    arg [/usr/lib/gcc/i686-w64-mingw32/5.3-win32/collect2] ==> ignore
    arg [-m] ==> ignore
    arg [i386pe] ==> ignore
    arg [-Bdynamic] ==> ignore
    arg [-o] ==> ignore
    arg [cmTC_97340.exe] ==> ignore
    arg [/usr/lib/gcc/i686-w64-mingw32/5.3-win32/../../../../i686-w64-mingw32/lib/../lib/crt2.o] ==> ignore
    arg [/usr/lib/gcc/i686-w64-mingw32/5.3-win32/crtbegin.o] ==> ignore
    arg [-L/usr/lib/gcc/i686-w64-mingw32/5.3-win32] ==> dir [/usr/lib/gcc/i686-w64-mingw32/5.3-win32]
    arg [-L/usr/lib/gcc/i686-w64-mingw32/5.3-win32/../../../../i686-w64-mingw32/lib/../lib] ==> dir [/usr/lib/gcc/i686-w64-mingw32/5.3-win32/../../../../i686-w64-mingw32/lib/../lib]
    arg [-L/usr/lib/gcc/i686-w64-mingw32/5.3-win32/../../../../i686-w64-mingw32/lib] ==> dir [/usr/lib/gcc/i686-w64-mingw32/5.3-win32/../../../../i686-w64-mingw32/lib]
    arg [--whole-archive] ==> ignore
    arg [CMakeFiles/cmTC_97340.dir/objects.a] ==> ignore
    arg [--no-whole-archive] ==> ignore
    arg [--out-implib] ==> ignore
    arg [libcmTC_97340.dll.a] ==> ignore
    arg [--major-image-version] ==> ignore
    arg [0] ==> ignore
    arg [--minor-image-version] ==> ignore
    arg [0] ==> ignore
    arg [-lmingw32] ==> lib [mingw32]
    arg [-lgcc] ==> lib [gcc]
    arg [-lgcc_eh] ==> lib [gcc_eh]
    arg [-lmoldname] ==> lib [moldname]
    arg [-lmingwex] ==> lib [mingwex]
    arg [-lmsvcrt] ==> lib [msvcrt]
    arg [-ladvapi32] ==> lib [advapi32]
    arg [-lshell32] ==> lib [shell32]
    arg [-luser32] ==> lib [user32]
    arg [-lkernel32] ==> lib [kernel32]
    arg [-lmingw32] ==> lib [mingw32]
    arg [-lgcc] ==> lib [gcc]
    arg [-lgcc_eh] ==> lib [gcc_eh]
    arg [-lmoldname] ==> lib [moldname]
    arg [-lmingwex] ==> lib [mingwex]
    arg [-lmsvcrt] ==> lib [msvcrt]
    arg [/usr/lib/gcc/i686-w64-mingw32/5.3-win32/crtend.o] ==> ignore
  remove lib [gcc]
  remove lib [gcc_eh]
  remove lib [gcc]
  remove lib [gcc_eh]
  collapse library dir [/usr/lib/gcc/i686-w64-mingw32/5.3-win32] ==> [/usr/lib/gcc/i686-w64-mingw32/5.3-win32]
  collapse library dir [/usr/lib/gcc/i686-w64-mingw32/5.3-win32/../../../../i686-w64-mingw32/lib/../lib] ==> [/usr/i686-w64-mingw32/lib]
  collapse library dir [/usr/lib/gcc/i686-w64-mingw32/5.3-win32/../../../../i686-w64-mingw32/lib] ==> [/usr/i686-w64-mingw32/lib]
  implicit libs: [mingw32;moldname;mingwex;msvcrt;advapi32;shell32;user32;kernel32;mingw32;moldname;mingwex;msvcrt]
  implicit dirs: [/usr/lib/gcc/i686-w64-mingw32/5.3-win32;/usr/i686-w64-mingw32/lib]
  implicit fwks: []




Detecting C [-std=c11] compiler features compiled with the following output:
Change Dir: /media/cuongd/cuongd/Fix_KNAN/xc4sprog/xc4sprog-code_v1.9_win32Build/build-win32/CMakeFiles/CMakeTmp

Run Build Command:"/usr/bin/make" "cmTC_59f7d/fast"
/usr/bin/make -f CMakeFiles/cmTC_59f7d.dir/build.make CMakeFiles/cmTC_59f7d.dir/build
make[1]: Entering directory '/media/cuongd/cuongd/Fix_KNAN/xc4sprog/xc4sprog-code_v1.9_win32Build/build-win32/CMakeFiles/CMakeTmp'
Building C object CMakeFiles/cmTC_59f7d.dir/feature_tests.c.obj
/usr/bin/i686-w64-mingw32-gcc    -std=c11 -o CMakeFiles/cmTC_59f7d.dir/feature_tests.c.obj   -c /media/cuongd/cuongd/Fix_KNAN/xc4sprog/xc4sprog-code_v1.9_win32Build/build-win32/CMakeFiles/feature_tests.c
Linking C executable cmTC_59f7d.exe
/usr/bin/cmake -E cmake_link_script CMakeFiles/cmTC_59f7d.dir/link.txt --verbose=1
/usr/bin/cmake -E remove -f CMakeFiles/cmTC_59f7d.dir/objects.a
/usr/bin/i686-w64-mingw32-ar cr CMakeFiles/cmTC_59f7d.dir/objects.a @CMakeFiles/cmTC_59f7d.dir/objects1.rsp
/usr/bin/i686-w64-mingw32-gcc       -Wl,--whole-archive CMakeFiles/cmTC_59f7d.dir/objects.a -Wl,--no-whole-archive  -o cmTC_59f7d.exe -Wl,--out-implib,libcmTC_59f7d.dll.a -Wl,--major-image-version,0,--minor-image-version,0 @CMakeFiles/cmTC_59f7d.dir/linklibs.rsp
make[1]: Leaving directory '/media/cuongd/cuongd/Fix_KNAN/xc4sprog/xc4sprog-code_v1.9_win32Build/build-win32/CMakeFiles/CMakeTmp'


    Feature record: C_FEATURE:1c_function_prototypes
    Feature record: C_FEATURE:1c_restrict
    Feature record: C_FEATURE:1c_static_assert
    Feature record: C_FEATURE:1c_variadic_macros


Detecting C [-std=c99] compiler features compiled with the following output:
Change Dir: /media/cuongd/cuongd/Fix_KNAN/xc4sprog/xc4sprog-code_v1.9_win32Build/build-win32/CMakeFiles/CMakeTmp

Run Build Command:"/usr/bin/make" "cmTC_1de99/fast"
/usr/bin/make -f CMakeFiles/cmTC_1de99.dir/build.make CMakeFiles/cmTC_1de99.dir/build
make[1]: Entering directory '/media/cuongd/cuongd/Fix_KNAN/xc4sprog/xc4sprog-code_v1.9_win32Build/build-win32/CMakeFiles/CMakeTmp'
Building C object CMakeFiles/cmTC_1de99.dir/feature_tests.c.obj
/usr/bin/i686-w64-mingw32-gcc    -std=c99 -o CMakeFiles/cmTC_1de99.dir/feature_tests.c.obj   -c /media/cuongd/cuongd/Fix_KNAN/xc4sprog/xc4sprog-code_v1.9_win32Build/build-win32/CMakeFiles/feature_tests.c
Linking C executable cmTC_1de99.exe
/usr/bin/cmake -E cmake_link_script CMakeFiles/cmTC_1de99.dir/link.txt --verbose=1
/usr/bin/cmake -E remove -f CMakeFiles/cmTC_1de99.dir/objects.a
/usr/bin/i686-w64-mingw32-ar cr CMakeFiles/cmTC_1de99.dir/objects.a @CMakeFiles/cmTC_1de99.dir/objects1.rsp
/usr/bin/i686-w64-mingw32-gcc       -Wl,--whole-archive CMakeFiles/cmTC_1de99.dir/objects.a -Wl,--no-whole-archive  -o cmTC_1de99.exe -Wl,--out-implib,libcmTC_1de99.dll.a -Wl,--major-image-version,0,--minor-image-version,0 @CMakeFiles/cmTC_1de99.dir/linklibs.rsp
make[1]: Leaving directory '/media/cuongd/cuongd/Fix_KNAN/xc4sprog/xc4sprog-code_v1.9_win32Build/build-win32/CMakeFiles/CMakeTmp'


    Feature record: C_FEATURE:1c_function_prototypes
    Feature record: C_FEATURE:1c_restrict
    Feature record: C_FEATURE:0c_static_assert
    Feature record: C_FEATURE:1c_variadic_macros


Detecting C [-std=c90] compiler features compiled with the following output:
Change Dir: /media/cuongd/cuongd/Fix_KNAN/xc4sprog/xc4sprog-code_v1.9_win32Build/build-win32/CMakeFiles/CMakeTmp

Run Build Command:"/usr/bin/make" "cmTC_9dea7/fast"
/usr/bin/make -f CMakeFiles/cmTC_9dea7.dir/build.make CMakeFiles/cmTC_9dea7.dir/build
make[1]: Entering directory '/media/cuongd/cuongd/Fix_KNAN/xc4sprog/xc4sprog-code_v1.9_win32Build/build-win32/CMakeFiles/CMakeTmp'
Building C object CMakeFiles/cmTC_9dea7.dir/feature_tests.c.obj
/usr/bin/i686-w64-mingw32-gcc    -std=c90 -o CMakeFiles/cmTC_9dea7.dir/feature_tests.c.obj   -c /media/cuongd/cuongd/Fix_KNAN/xc4sprog/xc4sprog-code_v1.9_win32Build/build-win32/CMakeFiles/feature_tests.c
Linking C executable cmTC_9dea7.exe
/usr/bin/cmake -E cmake_link_script CMakeFiles/cmTC_9dea7.dir/link.txt --verbose=1
/usr/bin/cmake -E remove -f CMakeFiles/cmTC_9dea7.dir/objects.a
/usr/bin/i686-w64-mingw32-ar cr CMakeFiles/cmTC_9dea7.dir/objects.a @CMakeFiles/cmTC_9dea7.dir/objects1.rsp
/usr/bin/i686-w64-mingw32-gcc       -Wl,--whole-archive CMakeFiles/cmTC_9dea7.dir/objects.a -Wl,--no-whole-archive  -o cmTC_9dea7.exe -Wl,--out-implib,libcmTC_9dea7.dll.a -Wl,--major-image-version,0,--minor-image-version,0 @CMakeFiles/cmTC_9dea7.dir/linklibs.rsp
make[1]: Leaving directory '/media/cuongd/cuongd/Fix_KNAN/xc4sprog/xc4sprog-code_v1.9_win32Build/build-win32/CMakeFiles/CMakeTmp'


    Feature record: C_FEATURE:1c_function_prototypes
    Feature record: C_FEATURE:0c_restrict
    Feature record: C_FEATURE:0c_static_assert
    Feature record: C_FEATURE:0c_variadic_macros
Determining if the CXX compiler works passed with the following output:
Change Dir: /media/cuongd/cuongd/Fix_KNAN/xc4sprog/xc4sprog-code_v1.9_win32Build/build-win32/CMakeFiles/CMakeTmp

Run Build Command:"/usr/bin/make" "cmTC_6b615/fast"
/usr/bin/make -f CMakeFiles/cmTC_6b615.dir/build.make CMakeFiles/cmTC_6b615.dir/build
make[1]: Entering directory '/media/cuongd/cuongd/Fix_KNAN/xc4sprog/xc4sprog-code_v1.9_win32Build/build-win32/CMakeFiles/CMakeTmp'
Building CXX object CMakeFiles/cmTC_6b615.dir/testCXXCompiler.cxx.obj
/usr/bin/i686-w64-mingw32-g++      -o CMakeFiles/cmTC_6b615.dir/testCXXCompiler.cxx.obj -c /media/cuongd/cuongd/Fix_KNAN/xc4sprog/xc4sprog-code_v1.9_win32Build/build-win32/CMakeFiles/CMakeTmp/testCXXCompiler.cxx
Linking CXX executable cmTC_6b615.exe
/usr/bin/cmake -E cmake_link_script CMakeFiles/cmTC_6b615.dir/link.txt --verbose=1
/usr/bin/cmake -E remove -f CMakeFiles/cmTC_6b615.dir/objects.a
/usr/bin/i686-w64-mingw32-ar cr CMakeFiles/cmTC_6b615.dir/objects.a @CMakeFiles/cmTC_6b615.dir/objects1.rsp
/usr/bin/i686-w64-mingw32-g++       -Wl,--whole-archive CMakeFiles/cmTC_6b615.dir/objects.a -Wl,--no-whole-archive  -o cmTC_6b615.exe -Wl,--out-implib,libcmTC_6b615.dll.a -Wl,--major-image-version,0,--minor-image-version,0 @CMakeFiles/cmTC_6b615.dir/linklibs.rsp
make[1]: Leaving directory '/media/cuongd/cuongd/Fix_KNAN/xc4sprog/xc4sprog-code_v1.9_win32Build/build-win32/CMakeFiles/CMakeTmp'


Detecting CXX compiler ABI info compiled with the following output:
Change Dir: /media/cuongd/cuongd/Fix_KNAN/xc4sprog/xc4sprog-code_v1.9_win32Build/build-win32/CMakeFiles/CMakeTmp

Run Build Command:"/usr/bin/make" "cmTC_13909/fast"
/usr/bin/make -f CMakeFiles/cmTC_13909.dir/build.make CMakeFiles/cmTC_13909.dir/build
make[1]: Entering directory '/media/cuongd/cuongd/Fix_KNAN/xc4sprog/xc4sprog-code_v1.9_win32Build/build-win32/CMakeFiles/CMakeTmp'
Building CXX object CMakeFiles/cmTC_13909.dir/CMakeCXXCompilerABI.cpp.obj
/usr/bin/i686-w64-mingw32-g++      -o CMakeFiles/cmTC_13909.dir/CMakeCXXCompilerABI.cpp.obj -c /usr/share/cmake-3.5/Modules/CMakeCXXCompilerABI.cpp
Linking CXX executable cmTC_13909.exe
/usr/bin/cmake -E cmake_link_script CMakeFiles/cmTC_13909.dir/link.txt --verbose=1
/usr/bin/cmake -E remove -f CMakeFiles/cmTC_13909.dir/objects.a
/usr/bin/i686-w64-mingw32-ar cr CMakeFiles/cmTC_13909.dir/objects.a @CMakeFiles/cmTC_13909.dir/objects1.rsp
/usr/bin/i686-w64-mingw32-g++      -v -Wl,--whole-archive CMakeFiles/cmTC_13909.dir/objects.a -Wl,--no-whole-archive  -o cmTC_13909.exe -Wl,--out-implib,libcmTC_13909.dll.a -Wl,--major-image-version,0,--minor-image-version,0   
Using built-in specs.
COLLECT_GCC=/usr/bin/i686-w64-mingw32-g++
COLLECT_LTO_WRAPPER=/usr/lib/gcc/i686-w64-mingw32/5.3-win32/lto-wrapper
Target: i686-w64-mingw32
Configured with: ../../src/configure --build=x86_64-linux-gnu --prefix=/usr --includedir='/usr/include' --mandir='/usr/share/man' --infodir='/usr/share/info' --sysconfdir=/etc --localstatedir=/var --disable-silent-rules --libexecdir='/usr/lib/gcc-mingw-w64' --disable-maintainer-mode --disable-dependency-tracking --prefix=/usr --enable-shared --enable-static --disable-multilib --with-system-zlib --libexecdir=/usr/lib --without-included-gettext --libdir=/usr/lib --enable-libstdcxx-time=yes --with-tune=generic --enable-version-specific-runtime-libs --enable-fully-dynamic-string --enable-libgomp --enable-languages=c,c++,fortran,objc,obj-c++ --enable-lto --with-plugin-ld --enable-threads=win32 --program-suffix=-win32 --program-prefix=i686-w64-mingw32- --target=i686-w64-mingw32 --with-as=/usr/bin/i686-w64-mingw32-as --with-ld=/usr/bin/i686-w64-mingw32-ld --disable-libatomic
Thread model: win32
gcc version 5.3.1 20160211 (GCC) 
COMPILER_PATH=/usr/lib/gcc/i686-w64-mingw32/5.3-win32/:/usr/lib/gcc/i686-w64-mingw32/5.3-win32/:/usr/lib/gcc/i686-w64-mingw32/:/usr/lib/gcc/i686-w64-mingw32/5.3-win32/:/usr/lib/gcc/i686-w64-mingw32/
LIBRARY_PATH=/usr/lib/gcc/i686-w64-mingw32/5.3-win32/:/usr/lib/gcc/i686-w64-mingw32/5.3-win32/../../../../i686-w64-mingw32/lib/../lib/:/usr/lib/gcc/i686-w64-mingw32/5.3-win32/../../../../i686-w64-mingw32/lib/
COLLECT_GCC_OPTIONS='-v' '-o' 'cmTC_13909.exe' '-shared-libgcc' '-mtune=generic' '-march=pentiumpro'
 /usr/lib/gcc/i686-w64-mingw32/5.3-win32/collect2 -m i386pe -Bdynamic -o cmTC_13909.exe /usr/lib/gcc/i686-w64-mingw32/5.3-win32/../../../../i686-w64-mingw32/lib/../lib/crt2.o /usr/lib/gcc/i686-w64-mingw32/5.3-win32/crtbegin.o -L/usr/lib/gcc/i686-w64-mingw32/5.3-win32 -L/usr/lib/gcc/i686-w64-mingw32/5.3-win32/../../../../i686-w64-mingw32/lib/../lib -L/usr/lib/gcc/i686-w64-mingw32/5.3-win32/../../../../i686-w64-mingw32/lib --whole-archive CMakeFiles/cmTC_13909.dir/objects.a --no-whole-archive --out-implib libcmTC_13909.dll.a --major-image-version 0 --minor-image-version 0 -lstdc++ -lmingw32 -lgcc_s -lgcc -lmoldname -lmingwex -lmsvcrt -ladvapi32 -lshell32 -luser32 -lkernel32 -lmingw32 -lgcc_s -lgcc -lmoldname -lmingwex -lmsvcrt /usr/lib/gcc/i686-w64-mingw32/5.3-win32/crtend.o
make[1]: Leaving directory '/media/cuongd/cuongd/Fix_KNAN/xc4sprog/xc4sprog-code_v1.9_win32Build/build-win32/CMakeFiles/CMakeTmp'


Parsed CXX implicit link information from above output:
  link line regex: [^( *|.*[/\])(i686-w64-mingw32-ld|([^/\]+-)?ld|collect2)[^/\]*( |$)]
  ignore line: [Change Dir: /media/cuongd/cuongd/Fix_KNAN/xc4sprog/xc4sprog-code_v1.9_win32Build/build-win32/CMakeFiles/CMakeTmp]
  ignore line: []
  ignore line: [Run Build Command:"/usr/bin/make" "cmTC_13909/fast"]
  ignore line: [/usr/bin/make -f CMakeFiles/cmTC_13909.dir/build.make CMakeFiles/cmTC_13909.dir/build]
  ignore line: [make[1]: Entering directory '/media/cuongd/cuongd/Fix_KNAN/xc4sprog/xc4sprog-code_v1.9_win32Build/build-win32/CMakeFiles/CMakeTmp']
  ignore line: [Building CXX object CMakeFiles/cmTC_13909.dir/CMakeCXXCompilerABI.cpp.obj]
  ignore line: [/usr/bin/i686-w64-mingw32-g++      -o CMakeFiles/cmTC_13909.dir/CMakeCXXCompilerABI.cpp.obj -c /usr/share/cmake-3.5/Modules/CMakeCXXCompilerABI.cpp]
  ignore line: [Linking CXX executable cmTC_13909.exe]
  ignore line: [/usr/bin/cmake -E cmake_link_script CMakeFiles/cmTC_13909.dir/link.txt --verbose=1]
  ignore line: [/usr/bin/cmake -E remove -f CMakeFiles/cmTC_13909.dir/objects.a]
  ignore line: [/usr/bin/i686-w64-mingw32-ar cr CMakeFiles/cmTC_13909.dir/objects.a @CMakeFiles/cmTC_13909.dir/objects1.rsp]
  ignore line: [/usr/bin/i686-w64-mingw32-g++      -v -Wl,--whole-archive CMakeFiles/cmTC_13909.dir/objects.a -Wl,--no-whole-archive  -o cmTC_13909.exe -Wl,--out-implib,libcmTC_13909.dll.a -Wl,--major-image-version,0,--minor-image-version,0   ]
  ignore line: [Using built-in specs.]
  ignore line: [COLLECT_GCC=/usr/bin/i686-w64-mingw32-g++]
  ignore line: [COLLECT_LTO_WRAPPER=/usr/lib/gcc/i686-w64-mingw32/5.3-win32/lto-wrapper]
  ignore line: [Target: i686-w64-mingw32]
  ignore line: [Configured with: ../../src/configure --build=x86_64-linux-gnu --prefix=/usr --includedir='/usr/include' --mandir='/usr/share/man' --infodir='/usr/share/info' --sysconfdir=/etc --localstatedir=/var --disable-silent-rules --libexecdir='/usr/lib/gcc-mingw-w64' --disable-maintainer-mode --disable-dependency-tracking --prefix=/usr --enable-shared --enable-static --disable-multilib --with-system-zlib --libexecdir=/usr/lib --without-included-gettext --libdir=/usr/lib --enable-libstdcxx-time=yes --with-tune=generic --enable-version-specific-runtime-libs --enable-fully-dynamic-string --enable-libgomp --enable-languages=c,c++,fortran,objc,obj-c++ --enable-lto --with-plugin-ld --enable-threads=win32 --program-suffix=-win32 --program-prefix=i686-w64-mingw32- --target=i686-w64-mingw32 --with-as=/usr/bin/i686-w64-mingw32-as --with-ld=/usr/bin/i686-w64-mingw32-ld --disable-libatomic]
  ignore line: [Thread model: win32]
  ignore line: [gcc version 5.3.1 20160211 (GCC) ]
  ignore line: [COMPILER_PATH=/usr/lib/gcc/i686-w64-mingw32/5.3-win32/:/usr/lib/gcc/i686-w64-mingw32/5.3-win32/:/usr/lib/gcc/i686-w64-mingw32/:/usr/lib/gcc/i686-w64-mingw32/5.3-win32/:/usr/lib/gcc/i686-w64-mingw32/]
  ignore line: [LIBRARY_PATH=/usr/lib/gcc/i686-w64-mingw32/5.3-win32/:/usr/lib/gcc/i686-w64-mingw32/5.3-win32/../../../../i686-w64-mingw32/lib/../lib/:/usr/lib/gcc/i686-w64-mingw32/5.3-win32/../../../../i686-w64-mingw32/lib/]
  ignore line: [COLLECT_GCC_OPTIONS='-v' '-o' 'cmTC_13909.exe' '-shared-libgcc' '-mtune=generic' '-march=pentiumpro']
  link line: [ /usr/lib/gcc/i686-w64-mingw32/5.3-win32/collect2 -m i386pe -Bdynamic -o cmTC_13909.exe /usr/lib/gcc/i686-w64-mingw32/5.3-win32/../../../../i686-w64-mingw32/lib/../lib/crt2.o /usr/lib/gcc/i686-w64-mingw32/5.3-win32/crtbegin.o -L/usr/lib/gcc/i686-w64-mingw32/5.3-win32 -L/usr/lib/gcc/i686-w64-mingw32/5.3-win32/../../../../i686-w64-mingw32/lib/../lib -L/usr/lib/gcc/i686-w64-mingw32/5.3-win32/../../../../i686-w64-mingw32/lib --whole-archive CMakeFiles/cmTC_13909.dir/objects.a --no-whole-archive --out-implib libcmTC_13909.dll.a --major-image-version 0 --minor-image-version 0 -lstdc++ -lmingw32 -lgcc_s -lgcc -lmoldname -lmingwex -lmsvcrt -ladvapi32 -lshell32 -luser32 -lkernel32 -lmingw32 -lgcc_s -lgcc -lmoldname -lmingwex -lmsvcrt /usr/lib/gcc/i686-w64-mingw32/5.3-win32/crtend.o]
    arg [/usr/lib/gcc/i686-w64-mingw32/5.3-win32/collect2] ==> ignore
    arg [-m] ==> ignore
    arg [i386pe] ==> ignore
    arg [-Bdynamic] ==> ignore
    arg [-o] ==> ignore
    arg [cmTC_13909.exe] ==> ignore
    arg [/usr/lib/gcc/i686-w64-mingw32/5.3-win32/../../../../i686-w64-mingw32/lib/../lib/crt2.o] ==> ignore
    arg [/usr/lib/gcc/i686-w64-mingw32/5.3-win32/crtbegin.o] ==> ignore
    arg [-L/usr/lib/gcc/i686-w64-mingw32/5.3-win32] ==> dir [/usr/lib/gcc/i686-w64-mingw32/5.3-win32]
    arg [-L/usr/lib/gcc/i686-w64-mingw32/5.3-win32/../../../../i686-w64-mingw32/lib/../lib] ==> dir [/usr/lib/gcc/i686-w64-mingw32/5.3-win32/../../../../i686-w64-mingw32/lib/../lib]
    arg [-L/usr/lib/gcc/i686-w64-mingw32/5.3-win32/../../../../i686-w64-mingw32/lib] ==> dir [/usr/lib/gcc/i686-w64-mingw32/5.3-win32/../../../../i686-w64-mingw32/lib]
    arg [--whole-archive] ==> ignore
    arg [CMakeFiles/cmTC_13909.dir/objects.a] ==> ignore
    arg [--no-whole-archive] ==> ignore
    arg [--out-implib] ==> ignore
    arg [libcmTC_13909.dll.a] ==> ignore
    arg [--major-image-version] ==> ignore
    arg [0] ==> ignore
    arg [--minor-image-version] ==> ignore
    arg [0] ==> ignore
    arg [-lstdc++] ==> lib [stdc++]
    arg [-lmingw32] ==> lib [mingw32]
    arg [-lgcc_s] ==> lib [gcc_s]
    arg [-lgcc] ==> lib [gcc]
    arg [-lmoldname] ==> lib [moldname]
    arg [-lmingwex] ==> lib [mingwex]
    arg [-lmsvcrt] ==> lib [msvcrt]
    arg [-ladvapi32] ==> lib [advapi32]
    arg [-lshell32] ==> lib [shell32]
    arg [-luser32] ==> lib [user32]
    arg [-lkernel32] ==> lib [kernel32]
    arg [-lmingw32] ==> lib [mingw32]
    arg [-lgcc_s] ==> lib [gcc_s]
    arg [-lgcc] ==> lib [gcc]
    arg [-lmoldname] ==> lib [moldname]
    arg [-lmingwex] ==> lib [mingwex]
    arg [-lmsvcrt] ==> lib [msvcrt]
    arg [/usr/lib/gcc/i686-w64-mingw32/5.3-win32/crtend.o] ==> ignore
  remove lib [gcc_s]
  remove lib [gcc]
  remove lib [gcc_s]
  remove lib [gcc]
  collapse library dir [/usr/lib/gcc/i686-w64-mingw32/5.3-win32] ==> [/usr/lib/gcc/i686-w64-mingw32/5.3-win32]
  collapse library dir [/usr/lib/gcc/i686-w64-mingw32/5.3-win32/../../../../i686-w64-mingw32/lib/../lib] ==> [/usr/i686-w64-mingw32/lib]
  collapse library dir [/usr/lib/gcc/i686-w64-mingw32/5.3-win32/../../../../i686-w64-mingw32/lib] ==> [/usr/i686-w64-mingw32/lib]
  implicit libs: [stdc++;mingw32;moldname;mingwex;msvcrt;advapi32;shell32;user32;kernel32;mingw32;moldname;mingwex;msvcrt]
  implicit dirs: [/usr/lib/gcc/i686-w64-mingw32/5.3-win32;/usr/i686-w64-mingw32/lib]
  implicit fwks: []




Detecting CXX [-std=c++14] compiler features compiled with the following output:
Change Dir: /media/cuongd/cuongd/Fix_KNAN/xc4sprog/xc4sprog-code_v1.9_win32Build/build-win32/CMakeFiles/CMakeTmp

Run Build Command:"/usr/bin/make" "cmTC_a58df/fast"
/usr/bin/make -f CMakeFiles/cmTC_a58df.dir/build.make CMakeFiles/cmTC_a58df.dir/build
make[1]: Entering directory '/media/cuongd/cuongd/Fix_KNAN/xc4sprog/xc4sprog-code_v1.9_win32Build/build-win32/CMakeFiles/CMakeTmp'
Building CXX object CMakeFiles/cmTC_a58df.dir/feature_tests.cxx.obj
/usr/bin/i686-w64-mingw32-g++     -std=c++14 -o CMakeFiles/cmTC_a58df.dir/feature_tests.cxx.obj -c /media/cuongd/cuongd/Fix_KNAN/xc4sprog/xc4sprog-code_v1.9_win32Build/build-win32/CMakeFiles/feature_tests.cxx
Linking CXX executable cmTC_a58df.exe
/usr/bin/cmake -E cmake_link_script CMakeFiles/cmTC_a58df.dir/link.txt --verbose=1
/usr/bin/cmake -E remove -f CMakeFiles/cmTC_a58df.dir/objects.a
/usr/bin/i686-w64-mingw32-ar cr CMakeFiles/cmTC_a58df.dir/objects.a @CMakeFiles/cmTC_a58df.dir/objects1.rsp
/usr/bin/i686-w64-mingw32-g++       -Wl,--whole-archive CMakeFiles/cmTC_a58df.dir/objects.a -Wl,--no-whole-archive  -o cmTC_a58df.exe -Wl,--out-implib,libcmTC_a58df.dll.a -Wl,--major-image-version,0,--minor-image-version,0 @CMakeFiles/cmTC_a58df.dir/linklibs.rsp
make[1]: Leaving directory '/media/cuongd/cuongd/Fix_KNAN/xc4sprog/xc4sprog-code_v1.9_win32Build/build-win32/CMakeFiles/CMakeTmp'


    Feature record: CXX_FEATURE:1cxx_aggregate_default_initializers
    Feature record: CXX_FEATURE:1cxx_alias_templates
    Feature record: CXX_FEATURE:1cxx_alignas
    Feature record: CXX_FEATURE:1cxx_alignof
    Feature record: CXX_FEATURE:1cxx_attributes
    Feature record: CXX_FEATURE:1cxx_attribute_deprecated
    Feature record: CXX_FEATURE:1cxx_auto_type
    Feature record: CXX_FEATURE:1cxx_binary_literals
    Feature record: CXX_FEATURE:1cxx_constexpr
    Feature record: CXX_FEATURE:1cxx_contextual_conversions
    Feature record: CXX_FEATURE:1cxx_decltype
    Feature record: CXX_FEATURE:1cxx_decltype_auto
    Feature record: CXX_FEATURE:1cxx_decltype_incomplete_return_types
    Feature record: CXX_FEATURE:1cxx_default_function_template_args
    Feature record: CXX_FEATURE:1cxx_defaulted_functions
    Feature record: CXX_FEATURE:1cxx_defaulted_move_initializers
    Feature record: CXX_FEATURE:1cxx_delegating_constructors
    Feature record: CXX_FEATURE:1cxx_deleted_functions
    Feature record: CXX_FEATURE:1cxx_digit_separators
    Feature record: CXX_FEATURE:1cxx_enum_forward_declarations
    Feature record: CXX_FEATURE:1cxx_explicit_conversions
    Feature record: CXX_FEATURE:1cxx_extended_friend_declarations
    Feature record: CXX_FEATURE:1cxx_extern_templates
    Feature record: CXX_FEATURE:1cxx_final
    Feature record: CXX_FEATURE:1cxx_func_identifier
    Feature record: CXX_FEATURE:1cxx_generalized_initializers
    Feature record: CXX_FEATURE:1cxx_generic_lambdas
    Feature record: CXX_FEATURE:1cxx_inheriting_constructors
    Feature record: CXX_FEATURE:1cxx_inline_namespaces
    Feature record: CXX_FEATURE:1cxx_lambdas
    Feature record: CXX_FEATURE:1cxx_lambda_init_captures
    Feature record: CXX_FEATURE:1cxx_local_type_template_args
    Feature record: CXX_FEATURE:1cxx_long_long_type
    Feature record: CXX_FEATURE:1cxx_noexcept
    Feature record: CXX_FEATURE:1cxx_nonstatic_member_init
    Feature record: CXX_FEATURE:1cxx_nullptr
    Feature record: CXX_FEATURE:1cxx_override
    Feature record: CXX_FEATURE:1cxx_range_for
    Feature record: CXX_FEATURE:1cxx_raw_string_literals
    Feature record: CXX_FEATURE:1cxx_reference_qualified_functions
    Feature record: CXX_FEATURE:1cxx_relaxed_constexpr
    Feature record: CXX_FEATURE:1cxx_return_type_deduction
    Feature record: CXX_FEATURE:1cxx_right_angle_brackets
    Feature record: CXX_FEATURE:1cxx_rvalue_references
    Feature record: CXX_FEATURE:1cxx_sizeof_member
    Feature record: CXX_FEATURE:1cxx_static_assert
    Feature record: CXX_FEATURE:1cxx_strong_enums
    Feature record: CXX_FEATURE:1cxx_template_template_parameters
    Feature record: CXX_FEATURE:1cxx_thread_local
    Feature record: CXX_FEATURE:1cxx_trailing_return_types
    Feature record: CXX_FEATURE:1cxx_unicode_literals
    Feature record: CXX_FEATURE:1cxx_uniform_initialization
    Feature record: CXX_FEATURE:1cxx_unrestricted_unions
    Feature record: CXX_FEATURE:1cxx_user_literals
    Feature record: CXX_FEATURE:1cxx_variable_templates
    Feature record: CXX_FEATURE:1cxx_variadic_macros
    Feature record: CXX_FEATURE:1cxx_variadic_templates


Detecting CXX [-std=c++11] compiler features compiled with the following output:
Change Dir: /media/cuongd/cuongd/Fix_KNAN/xc4sprog/xc4sprog-code_v1.9_win32Build/build-win32/CMakeFiles/CMakeTmp

Run Build Command:"/usr/bin/make" "cmTC_afcc3/fast"
/usr/bin/make -f CMakeFiles/cmTC_afcc3.dir/build.make CMakeFiles/cmTC_afcc3.dir/build
make[1]: Entering directory '/media/cuongd/cuongd/Fix_KNAN/xc4sprog/xc4sprog-code_v1.9_win32Build/build-win32/CMakeFiles/CMakeTmp'
Building CXX object CMakeFiles/cmTC_afcc3.dir/feature_tests.cxx.obj
/usr/bin/i686-w64-mingw32-g++     -std=c++11 -o CMakeFiles/cmTC_afcc3.dir/feature_tests.cxx.obj -c /media/cuongd/cuongd/Fix_KNAN/xc4sprog/xc4sprog-code_v1.9_win32Build/build-win32/CMakeFiles/feature_tests.cxx
Linking CXX executable cmTC_afcc3.exe
/usr/bin/cmake -E cmake_link_script CMakeFiles/cmTC_afcc3.dir/link.txt --verbose=1
/usr/bin/cmake -E remove -f CMakeFiles/cmTC_afcc3.dir/objects.a
/usr/bin/i686-w64-mingw32-ar cr CMakeFiles/cmTC_afcc3.dir/objects.a @CMakeFiles/cmTC_afcc3.dir/objects1.rsp
/usr/bin/i686-w64-mingw32-g++       -Wl,--whole-archive CMakeFiles/cmTC_afcc3.dir/objects.a -Wl,--no-whole-archive  -o cmTC_afcc3.exe -Wl,--out-implib,libcmTC_afcc3.dll.a -Wl,--major-image-version,0,--minor-image-version,0 @CMakeFiles/cmTC_afcc3.dir/linklibs.rsp
make[1]: Leaving directory '/media/cuongd/cuongd/Fix_KNAN/xc4sprog/xc4sprog-code_v1.9_win32Build/build-win32/CMakeFiles/CMakeTmp'


    Feature record: CXX_FEATURE:0cxx_aggregate_default_initializers
    Feature record: CXX_FEATURE:1cxx_alias_templates
    Feature record: CXX_FEATURE:1cxx_alignas
    Feature record: CXX_FEATURE:1cxx_alignof
    Feature record: CXX_FEATURE:1cxx_attributes
    Feature record: CXX_FEATURE:0cxx_attribute_deprecated
    Feature record: CXX_FEATURE:1cxx_auto_type
    Feature record: CXX_FEATURE:0cxx_binary_literals
    Feature record: CXX_FEATURE:1cxx_constexpr
    Feature record: CXX_FEATURE:0cxx_contextual_conversions
    Feature record: CXX_FEATURE:1cxx_decltype
    Feature record: CXX_FEATURE:0cxx_decltype_auto
    Feature record: CXX_FEATURE:1cxx_decltype_incomplete_return_types
    Feature record: CXX_FEATURE:1cxx_default_function_template_args
    Feature record: CXX_FEATURE:1cxx_defaulted_functions
    Feature record: CXX_FEATURE:1cxx_defaulted_move_initializers
    Feature record: CXX_FEATURE:1cxx_delegating_constructors
    Feature record: CXX_FEATURE:1cxx_deleted_functions
    Feature record: CXX_FEATURE:0cxx_digit_separators
    Feature record: CXX_FEATURE:1cxx_enum_forward_declarations
    Feature record: CXX_FEATURE:1cxx_explicit_conversions
    Feature record: CXX_FEATURE:1cxx_extended_friend_declarations
    Feature record: CXX_FEATURE:1cxx_extern_templates
    Feature record: CXX_FEATURE:1cxx_final
    Feature record: CXX_FEATURE:1cxx_func_identifier
    Feature record: CXX_FEATURE:1cxx_generalized_initializers
    Feature record: CXX_FEATURE:0cxx_generic_lambdas
    Feature record: CXX_FEATURE:1cxx_inheriting_constructors
    Feature record: CXX_FEATURE:1cxx_inline_namespaces
    Feature record: CXX_FEATURE:1cxx_lambdas
    Feature record: CXX_FEATURE:0cxx_lambda_init_captures
    Feature record: CXX_FEATURE:1cxx_local_type_template_args
    Feature record: CXX_FEATURE:1cxx_long_long_type
    Feature record: CXX_FEATURE:1cxx_noexcept
    Feature record: CXX_FEATURE:1cxx_nonstatic_member_init
    Feature record: CXX_FEATURE:1cxx_nullptr
    Feature record: CXX_FEATURE:1cxx_override
    Feature record: CXX_FEATURE:1cxx_range_for
    Feature record: CXX_FEATURE:1cxx_raw_string_literals
    Feature record: CXX_FEATURE:1cxx_reference_qualified_functions
    Feature record: CXX_FEATURE:0cxx_relaxed_constexpr
    Feature record: CXX_FEATURE:0cxx_return_type_deduction
    Feature record: CXX_FEATURE:1cxx_right_angle_brackets
    Feature record: CXX_FEATURE:1cxx_rvalue_references
    Feature record: CXX_FEATURE:1cxx_sizeof_member
    Feature record: CXX_FEATURE:1cxx_static_assert
    Feature record: CXX_FEATURE:1cxx_strong_enums
    Feature record: CXX_FEATURE:1cxx_template_template_parameters
    Feature record: CXX_FEATURE:1cxx_thread_local
    Feature record: CXX_FEATURE:1cxx_trailing_return_types
    Feature record: CXX_FEATURE:1cxx_unicode_literals
    Feature record: CXX_FEATURE:1cxx_uniform_initialization
    Feature record: CXX_FEATURE:1cxx_unrestricted_unions
    Feature record: CXX_FEATURE:1cxx_user_literals
    Feature record: CXX_FEATURE:0cxx_variable_templates
    Feature record: CXX_FEATURE:1cxx_variadic_macros
    Feature record: CXX_FEATURE:1cxx_variadic_templates


Detecting CXX [-std=c++98] compiler features compiled with the following output:
Change Dir: /media/cuongd/cuongd/Fix_KNAN/xc4sprog/xc4sprog-code_v1.9_win32Build/build-win32/CMakeFiles/CMakeTmp

Run Build Command:"/usr/bin/make" "cmTC_3ad94/fast"
/usr/bin/make -f CMakeFiles/cmTC_3ad94.dir/build.make CMakeFiles/cmTC_3ad94.dir/build
make[1]: Entering directory '/media/cuongd/cuongd/Fix_KNAN/xc4sprog/xc4sprog-code_v1.9_win32Build/build-win32/CMakeFiles/CMakeTmp'
Building CXX object CMakeFiles/cmTC_3ad94.dir/feature_tests.cxx.obj
/usr/bin/i686-w64-mingw32-g++     -std=c++98 -o CMakeFiles/cmTC_3ad94.dir/feature_tests.cxx.obj -c /media/cuongd/cuongd/Fix_KNAN/xc4sprog/xc4sprog-code_v1.9_win32Build/build-win32/CMakeFiles/feature_tests.cxx
Linking CXX executable cmTC_3ad94.exe
/usr/bin/cmake -E cmake_link_script CMakeFiles/cmTC_3ad94.dir/link.txt --verbose=1
/usr/bin/cmake -E remove -f CMakeFiles/cmTC_3ad94.dir/objects.a
/usr/bin/i686-w64-mingw32-ar cr CMakeFiles/cmTC_3ad94.dir/objects.a @CMakeFiles/cmTC_3ad94.dir/objects1.rsp
/usr/bin/i686-w64-mingw32-g++       -Wl,--whole-archive CMakeFiles/cmTC_3ad94.dir/objects.a -Wl,--no-whole-archive  -o cmTC_3ad94.exe -Wl,--out-implib,libcmTC_3ad94.dll.a -Wl,--major-image-version,0,--minor-image-version,0 @CMakeFiles/cmTC_3ad94.dir/linklibs.rsp
make[1]: Leaving directory '/media/cuongd/cuongd/Fix_KNAN/xc4sprog/xc4sprog-code_v1.9_win32Build/build-win32/CMakeFiles/CMakeTmp'


    Feature record: CXX_FEATURE:0cxx_aggregate_default_initializers
    Feature record: CXX_FEATURE:0cxx_alias_templates
    Feature record: CXX_FEATURE:0cxx_alignas
    Feature record: CXX_FEATURE:0cxx_alignof
    Feature record: CXX_FEATURE:0cxx_attributes
    Feature record: CXX_FEATURE:0cxx_attribute_deprecated
    Feature record: CXX_FEATURE:0cxx_auto_type
    Feature record: CXX_FEATURE:0cxx_binary_literals
    Feature record: CXX_FEATURE:0cxx_constexpr
    Feature record: CXX_FEATURE:0cxx_contextual_conversions
    Feature record: CXX_FEATURE:0cxx_decltype
    Feature record: CXX_FEATURE:0cxx_decltype_auto
    Feature record: CXX_FEATURE:0cxx_decltype_incomplete_return_types
    Feature record: CXX_FEATURE:0cxx_default_function_template_args
    Feature record: CXX_FEATURE:0cxx_defaulted_functions
    Feature record: CXX_FEATURE:0cxx_defaulted_move_initializers
    Feature record: CXX_FEATURE:0cxx_delegating_constructors
    Feature record: CXX_FEATURE:0cxx_deleted_functions
    Feature record: CXX_FEATURE:0cxx_digit_separators
    Feature record: CXX_FEATURE:0cxx_enum_forward_declarations
    Feature record: CXX_FEATURE:0cxx_explicit_conversions
    Feature record: CXX_FEATURE:0cxx_extended_friend_declarations
    Feature record: CXX_FEATURE:0cxx_extern_templates
    Feature record: CXX_FEATURE:0cxx_final
    Feature record: CXX_FEATURE:0cxx_func_identifier
    Feature record: CXX_FEATURE:0cxx_generalized_initializers
    Feature record: CXX_FEATURE:0cxx_generic_lambdas
    Feature record: CXX_FEATURE:0cxx_inheriting_constructors
    Feature record: CXX_FEATURE:0cxx_inline_namespaces
    Feature record: CXX_FEATURE:0cxx_lambdas
    Feature record: CXX_FEATURE:0cxx_lambda_init_captures
    Feature record: CXX_FEATURE:0cxx_local_type_template_args
    Feature record: CXX_FEATURE:0cxx_long_long_type
    Feature record: CXX_FEATURE:0cxx_noexcept
    Feature record: CXX_FEATURE:0cxx_nonstatic_member_init
    Feature record: CXX_FEATURE:0cxx_nullptr
    Feature record: CXX_FEATURE:0cxx_override
    Feature record: CXX_FEATURE:0cxx_range_for
    Feature record: CXX_FEATURE:0cxx_raw_string_literals
    Feature record: CXX_FEATURE:0cxx_reference_qualified_functions
    Feature record: CXX_FEATURE:0cxx_relaxed_constexpr
    Feature record: CXX_FEATURE:0cxx_return_type_deduction
    Feature record: CXX_FEATURE:0cxx_right_angle_brackets
    Feature record: CXX_FEATURE:0cxx_rvalue_references
    Feature record: CXX_FEATURE:0cxx_sizeof_member
    Feature record: CXX_FEATURE:0cxx_static_assert
    Feature record: CXX_FEATURE:0cxx_strong_enums
    Feature record: CXX_FEATURE:1cxx_template_template_parameters
    Feature record: CXX_FEATURE:0cxx_thread_local
    Feature record: CXX_FEATURE:0cxx_trailing_return_types
    Feature record: CXX_FEATURE:0cxx_unicode_literals
    Feature record: CXX_FEATURE:0cxx_uniform_initialization
    Feature record: CXX_FEATURE:0cxx_unrestricted_unions
    Feature record: CXX_FEATURE:0cxx_user_literals
    Feature record: CXX_FEATURE:0cxx_variable_templates
    Feature record: CXX_FEATURE:0cxx_variadic_macros
    Feature record: CXX_FEATURE:0cxx_variadic_templates
